{"/home/ally/Hikma/HikmaHealthApp/src/i18n/en.ts": {"path":"/home/ally/Hikma/HikmaHealthApp/src/i18n/en.ts","statementMap":{"0":{"start":{"line":1,"column":11},"end":{"line":166,"column":null}},"1":{"start":{"line":168,"column":0},"end":{"line":168,"column":null}}},"fnMap":{},"branchMap":{},"s":{"0":1,"1":1},"f":{},"b":{}}
,"/home/ally/Hikma/HikmaHealthApp/src/utils/storage/storage.ts": {"path":"/home/ally/Hikma/HikmaHealthApp/src/utils/storage/storage.ts","statementMap":{"0":{"start":{"line":1,"column":0},"end":{"line":1,"column":69}},"1":{"start":{"line":8,"column":32},"end":{"line":8,"column":33}},"2":{"start":{"line":8,"column":32},"end":{"line":15,"column":null}},"3":{"start":{"line":10,"column":4},"end":{"line":10,"column":null}},"4":{"start":{"line":13,"column":4},"end":{"line":13,"column":null}},"5":{"start":{"line":15,"column":1},"end":{"line":15,"column":null}},"6":{"start":{"line":8,"column":0},"end":{"line":8,"column":7}},"7":{"start":{"line":23,"column":32},"end":{"line":23,"column":33}},"8":{"start":{"line":23,"column":32},"end":{"line":30,"column":null}},"9":{"start":{"line":25,"column":4},"end":{"line":25,"column":null}},"10":{"start":{"line":26,"column":4},"end":{"line":26,"column":null}},"11":{"start":{"line":28,"column":4},"end":{"line":28,"column":null}},"12":{"start":{"line":30,"column":1},"end":{"line":30,"column":null}},"13":{"start":{"line":23,"column":0},"end":{"line":23,"column":7}},"14":{"start":{"line":37,"column":26},"end":{"line":37,"column":27}},"15":{"start":{"line":37,"column":26},"end":{"line":44,"column":null}},"16":{"start":{"line":39,"column":21},"end":{"line":39,"column":55}},"17":{"start":{"line":40,"column":4},"end":{"line":40,"column":null}},"18":{"start":{"line":42,"column":4},"end":{"line":42,"column":null}},"19":{"start":{"line":44,"column":1},"end":{"line":44,"column":null}},"20":{"start":{"line":37,"column":0},"end":{"line":37,"column":7}},"21":{"start":{"line":52,"column":26},"end":{"line":52,"column":27}},"22":{"start":{"line":52,"column":26},"end":{"line":59,"column":null}},"23":{"start":{"line":54,"column":4},"end":{"line":54,"column":null}},"24":{"start":{"line":55,"column":4},"end":{"line":55,"column":null}},"25":{"start":{"line":57,"column":4},"end":{"line":57,"column":null}},"26":{"start":{"line":59,"column":1},"end":{"line":59,"column":null}},"27":{"start":{"line":52,"column":0},"end":{"line":52,"column":7}},"28":{"start":{"line":66,"column":28},"end":{"line":66,"column":29}},"29":{"start":{"line":66,"column":28},"end":{"line":70,"column":null}},"30":{"start":{"line":67,"column":2},"end":{"line":69,"column":null}},"31":{"start":{"line":68,"column":4},"end":{"line":68,"column":null}},"32":{"start":{"line":70,"column":1},"end":{"line":70,"column":null}},"33":{"start":{"line":66,"column":0},"end":{"line":66,"column":7}},"34":{"start":{"line":75,"column":27},"end":{"line":75,"column":null}},"35":{"start":{"line":75,"column":27},"end":{"line":79,"column":null}},"36":{"start":{"line":76,"column":2},"end":{"line":78,"column":null}},"37":{"start":{"line":77,"column":4},"end":{"line":77,"column":null}},"38":{"start":{"line":79,"column":1},"end":{"line":79,"column":null}},"39":{"start":{"line":75,"column":0},"end":{"line":75,"column":7}}},"fnMap":{"0":{"name":"loadString","decl":{"start":{"line":8,"column":22},"end":{"line":8,"column":32}},"loc":{"start":{"line":8,"column":32},"end":{"line":8,"column":33}}},"1":{"name":"_loadString","decl":{"start":{"line":8,"column":32},"end":{"line":8,"column":33}},"loc":{"start":{"line":8,"column":32},"end":{"line":15,"column":null}}},"2":{"name":"(anonymous_3)","decl":{"start":{"line":8,"column":7},"end":{"line":8,"column":22}},"loc":{"start":{"line":8,"column":44},"end":{"line":15,"column":1}}},"3":{"name":"saveString","decl":{"start":{"line":23,"column":22},"end":{"line":23,"column":32}},"loc":{"start":{"line":23,"column":32},"end":{"line":23,"column":33}}},"4":{"name":"_saveString","decl":{"start":{"line":23,"column":32},"end":{"line":23,"column":33}},"loc":{"start":{"line":23,"column":32},"end":{"line":30,"column":null}}},"5":{"name":"(anonymous_6)","decl":{"start":{"line":23,"column":7},"end":{"line":23,"column":22}},"loc":{"start":{"line":23,"column":59},"end":{"line":30,"column":1}}},"6":{"name":"load","decl":{"start":{"line":37,"column":22},"end":{"line":37,"column":26}},"loc":{"start":{"line":37,"column":26},"end":{"line":37,"column":27}}},"7":{"name":"_load","decl":{"start":{"line":37,"column":26},"end":{"line":37,"column":27}},"loc":{"start":{"line":37,"column":26},"end":{"line":44,"column":null}}},"8":{"name":"(anonymous_9)","decl":{"start":{"line":37,"column":7},"end":{"line":37,"column":22}},"loc":{"start":{"line":37,"column":38},"end":{"line":44,"column":1}}},"9":{"name":"save","decl":{"start":{"line":52,"column":22},"end":{"line":52,"column":26}},"loc":{"start":{"line":52,"column":26},"end":{"line":52,"column":27}}},"10":{"name":"_save","decl":{"start":{"line":52,"column":26},"end":{"line":52,"column":27}},"loc":{"start":{"line":52,"column":26},"end":{"line":59,"column":null}}},"11":{"name":"(anonymous_12)","decl":{"start":{"line":52,"column":7},"end":{"line":52,"column":22}},"loc":{"start":{"line":52,"column":50},"end":{"line":59,"column":1}}},"12":{"name":"remove","decl":{"start":{"line":66,"column":22},"end":{"line":66,"column":28}},"loc":{"start":{"line":66,"column":28},"end":{"line":66,"column":29}}},"13":{"name":"_remove","decl":{"start":{"line":66,"column":28},"end":{"line":66,"column":29}},"loc":{"start":{"line":66,"column":28},"end":{"line":70,"column":null}}},"14":{"name":"(anonymous_15)","decl":{"start":{"line":66,"column":7},"end":{"line":66,"column":22}},"loc":{"start":{"line":66,"column":40},"end":{"line":70,"column":1}}},"15":{"name":"clear","decl":{"start":{"line":75,"column":22},"end":{"line":75,"column":27}},"loc":{"start":{"line":75,"column":27},"end":{"line":75,"column":null}}},"16":{"name":"_clear","decl":{"start":{"line":75,"column":27},"end":{"line":75,"column":null}},"loc":{"start":{"line":75,"column":27},"end":{"line":79,"column":null}}},"17":{"name":"(anonymous_18)","decl":{"start":{"line":75,"column":7},"end":{"line":75,"column":22}},"loc":{"start":{"line":75,"column":27},"end":{"line":79,"column":1}}}},"branchMap":{},"s":{"0":1,"1":1,"2":1,"3":1,"4":0,"5":1,"6":1,"7":1,"8":1,"9":1,"10":1,"11":0,"12":1,"13":1,"14":1,"15":1,"16":1,"17":1,"18":0,"19":1,"20":1,"21":1,"22":1,"23":1,"24":1,"25":0,"26":1,"27":1,"28":1,"29":1,"30":1,"31":1,"32":1,"33":1,"34":1,"35":1,"36":1,"37":1,"38":1,"39":1},"f":{"0":1,"1":1,"2":1,"3":1,"4":1,"5":1,"6":1,"7":1,"8":1,"9":1,"10":1,"11":1,"12":1,"13":1,"14":1,"15":1,"16":1,"17":1},"b":{}}
,"/home/ally/Hikma/HikmaHealthApp/test/mockFile.ts": {"path":"/home/ally/Hikma/HikmaHealthApp/test/mockFile.ts","statementMap":{"0":{"start":{"line":1,"column":0},"end":{"line":6,"column":null}}},"fnMap":{},"branchMap":{},"s":{"0":2},"f":{},"b":{}}
}
