TN:
SF:src/index.tsx
FN:3,App
FNF:1
FNH:0
FNDA:0,App
DA:1,0
DA:3,0
DA:4,0
LF:3
LH:0
BRF:0
BRH:0
end_of_record
TN:
SF:src/components/Button.tsx
FN:4,Button
FNF:1
FNH:0
FNDA:0,Button
DA:1,0
DA:2,0
DA:4,0
DA:5,0
LF:4
LH:0
BRF:0
BRH:0
end_of_record
TN:
SF:src/components/Collapsible.tsx
FN:11,Collapsible
FN:17,onPress
FNF:2
FNH:0
FNDA:0,Collapsible
FNDA:0,onPress
DA:1,0
DA:2,0
DA:3,0
DA:4,0
DA:11,0
DA:12,0
DA:13,0
DA:15,0
DA:17,0
DA:28,0
LF:10
LH:0
BRDA:20,0,0,0
BRDA:20,0,1,0
BRDA:23,1,0,0
BRDA:23,1,1,0
BRF:4
BRH:0
end_of_record
TN:
SF:src/components/ControlledRadioGroup.tsx
FN:18,ControlledRadioGroup
FN:41,(anonymous_1)
FNF:2
FNH:0
FNDA:0,ControlledRadioGroup
FNDA:0,(anonymous_1)
DA:1,0
DA:6,0
DA:7,0
DA:18,0
DA:19,0
DA:21,0
DA:23,0
DA:26,0
DA:29,0
DA:31,0
DA:33,0
DA:41,0
LF:12
LH:0
BRDA:25,0,0,0
BRDA:25,0,1,0
BRDA:26,1,0,0
BRDA:26,1,1,0
BRDA:50,2,0,0
BRDA:50,2,1,0
BRF:6
BRH:0
end_of_record
TN:
SF:src/components/ControlledTextField.tsx
FN:11,ControlledTextField
FNF:1
FNH:0
FNDA:0,ControlledTextField
DA:1,0
DA:6,0
DA:7,0
DA:11,0
DA:12,0
DA:14,0
DA:16,0
DA:19,0
DA:22,0
DA:24,0
DA:26,0
LF:11
LH:0
BRDA:18,0,0,0
BRDA:18,0,1,0
BRDA:19,1,0,0
BRDA:19,1,1,0
BRDA:35,2,0,0
BRDA:35,2,1,0
BRF:6
BRH:0
end_of_record
TN:
SF:src/components/DatePicker.tsx
FN:13,DatePickerButton
FN:25,onPress
FN:25,(anonymous_9)
FN:32,onConfirm
FN:38,onCancel
FN:50,ControlledDatePickerButton
FNF:6
FNH:0
FNDA:0,DatePickerButton
FNDA:0,onPress
FNDA:0,(anonymous_9)
FNDA:0,onConfirm
FNDA:0,onCancel
FNDA:0,ControlledDatePickerButton
DA:1,0
DA:2,0
DA:3,0
DA:8,0
DA:9,0
DA:13,0
DA:14,0
DA:15,0
DA:16,0
DA:18,0
DA:20,0
DA:25,0
DA:33,0
DA:34,0
DA:39,0
DA:50,0
DA:53,0
DA:55,0
DA:57,0
DA:60,0
DA:63,0
DA:65,0
DA:67,0
DA:81,0
LF:24
LH:0
BRDA:34,0,0,0
BRDA:34,0,1,0
BRDA:34,1,0,0
BRDA:34,1,1,0
BRDA:59,2,0,0
BRDA:59,2,1,0
BRDA:60,3,0,0
BRDA:60,3,1,0
BRDA:74,4,0,0
BRDA:74,4,1,0
BRF:10
BRH:0
end_of_record
TN:
SF:src/components/EventFormDisplay.tsx
FN:58,getEventDisplay
FNF:1
FNH:0
FNDA:0,getEventDisplay
DA:2,0
DA:6,0
DA:10,0
DA:11,0
DA:12,0
DA:13,0
DA:14,0
DA:17,0
DA:58,0
DA:61,0
DA:63,0
DA:68,0
DA:70,0
DA:75,0
DA:78,0
DA:83,0
DA:85,0
DA:88,0
DA:90,0
DA:97,0
DA:99,0
DA:106,0
DA:108,0
DA:109,0
DA:112,0
LF:25
LH:0
BRDA:61,0,0,0
BRDA:61,0,1,0
BRDA:61,0,2,0
BRDA:61,0,3,0
BRDA:61,0,4,0
BRDA:61,0,5,0
BRDA:61,0,6,0
BRDA:61,0,7,0
BRDA:108,1,0,0
BRDA:108,1,1,0
BRF:10
BRH:0
end_of_record
TN:
SF:src/components/HorizontalRadioGroup.tsx
FN:13,HorizontalRadioGroup
FN:19,(anonymous_1)
FN:22,onPress
FN:27,onPress
FNF:4
FNH:0
FNDA:0,HorizontalRadioGroup
FNDA:0,(anonymous_1)
FNDA:0,onPress
FNDA:0,onPress
DA:1,0
DA:2,0
DA:3,0
DA:4,0
DA:13,0
DA:14,0
DA:15,0
DA:19,0
DA:22,0
DA:27,0
DA:38,0
LF:11
LH:0
BRDA:28,0,0,0
BRDA:28,0,1,0
BRF:2
BRH:0
end_of_record
TN:
SF:src/components/If.tsx
FN:7,If
FNF:1
FNH:1
FNDA:2,If
DA:7,2
DA:9,1
DA:12,1
LF:3
LH:3
BRF:0
BRH:0
end_of_record
TN:
SF:src/components/LanguageToggle.tsx
FN:6,LanguageToggle
FN:9,(anonymous_7)
FN:10,(anonymous_8)
FN:21,setLanguage
FNF:4
FNH:0
FNDA:0,LanguageToggle
FNDA:0,(anonymous_7)
FNDA:0,(anonymous_8)
FNDA:0,setLanguage
DA:1,0
DA:2,0
DA:3,0
DA:4,0
DA:6,0
DA:7,0
DA:8,0
DA:9,0
DA:10,0
DA:11,0
DA:14,0
DA:21,0
DA:22,0
DA:25,0
DA:28,0
DA:44,0
LF:16
LH:0
BRDA:14,0,0,0
BRDA:14,0,1,0
BRDA:22,1,0,0
BRF:3
BRH:0
end_of_record
TN:
SF:src/components/PatientListItem.tsx
FN:18,PatientListItem
FN:22,(anonymous_1)
FNF:2
FNH:0
FNDA:0,PatientListItem
FNDA:0,(anonymous_1)
DA:1,0
DA:2,0
DA:3,0
DA:4,0
DA:5,0
DA:6,0
DA:7,0
DA:9,0
DA:10,0
DA:18,0
DA:19,0
DA:22,0
DA:23,0
DA:25,0
DA:62,0
DA:70,0
LF:16
LH:0
BRF:0
BRH:0
end_of_record
TN:
SF:src/components/PatientSummary.tsx
FN:16,PatientSummary
FN:18,(anonymous_1)
FN:25,(anonymous_2)
FN:25,(anonymous_3)
FN:25,fetchPatientData
FN:34,(anonymous_5)
FN:34,(anonymous_6)
FN:34,savePatientSummary
FN:59,toggleViewMode
FN:59,(anonymous_9)
FN:61,(anonymous_10)
FN:62,(anonymous_11)
FN:103,onChangeText
FNF:13
FNH:0
FNDA:0,PatientSummary
FNDA:0,(anonymous_1)
FNDA:0,(anonymous_2)
FNDA:0,(anonymous_3)
FNDA:0,fetchPatientData
FNDA:0,(anonymous_5)
FNDA:0,(anonymous_6)
FNDA:0,savePatientSummary
FNDA:0,toggleViewMode
FNDA:0,(anonymous_9)
FNDA:0,(anonymous_10)
FNDA:0,(anonymous_11)
FNDA:0,onChangeText
DA:1,0
DA:2,0
DA:3,0
DA:5,0
DA:6,0
DA:7,0
DA:8,0
DA:16,0
DA:17,0
DA:18,0
DA:21,0
DA:23,0
DA:25,0
DA:26,0
DA:31,0
DA:32,0
DA:34,0
DA:35,0
DA:36,0
DA:38,0
DA:45,0
DA:52,0
DA:54,0
DA:55,0
DA:57,0
DA:59,0
DA:61,0
DA:62,0
DA:63,0
DA:67,0
DA:103,0
DA:113,0
DA:118,0
DA:122,0
LF:34
LH:0
BRDA:31,0,0,0
BRDA:36,1,0,0
BRDA:36,2,0,0
BRDA:36,2,1,0
BRDA:41,3,0,0
BRDA:41,3,1,0
BRDA:42,4,0,0
BRDA:42,4,1,0
BRDA:74,5,0,0
BRDA:74,5,1,0
BRDA:93,6,0,0
BRDA:93,6,1,0
BRF:12
BRH:0
end_of_record
TN:
SF:src/components/Row.tsx
FN:8,Row
FNF:1
FNH:0
FNDA:0,Row
DA:2,0
DA:8,0
DA:9,0
DA:12,0
LF:4
LH:0
BRF:0
BRH:0
end_of_record
TN:
SF:src/components/Screen.tsx
FN:96,isNonScrolling
FN:100,useAutoPreset
FN:108,updateScrollState
FN:116,(anonymous_9)
FN:135,onContentSizeChange
FN:141,onLayout
FN:158,FullScreenFixed
FN:163,ScreenWithoutScrolling
FN:172,ScreenWithScrolling
FN:197,onLayout
FN:201,onContentSizeChange
FN:216,Screen
FNF:12
FNH:0
FNDA:0,isNonScrolling
FNDA:0,useAutoPreset
FNDA:0,updateScrollState
FNDA:0,(anonymous_9)
FNDA:0,onContentSizeChange
FNDA:0,onLayout
FNDA:0,FullScreenFixed
FNDA:0,ScreenWithoutScrolling
FNDA:0,ScreenWithScrolling
FNDA:0,onLayout
FNDA:0,onContentSizeChange
FNDA:0,Screen
DA:1,0
DA:2,0
DA:3,0
DA:4,0
DA:15,0
DA:16,0
DA:94,0
DA:97,0
DA:101,0
DA:102,0
DA:104,0
DA:105,0
DA:106,0
DA:109,0
DA:113,0
DA:116,0
DA:118,0
DA:122,0
DA:129,0
DA:132,0
DA:137,0
DA:138,0
DA:142,0
DA:144,0
DA:145,0
DA:149,0
DA:151,0
DA:159,0
DA:160,0
DA:164,0
DA:165,0
DA:175,0
DA:179,0
DA:181,0
DA:183,0
DA:190,0
DA:192,0
DA:198,0
DA:199,0
DA:202,0
DA:203,0
DA:216,0
DA:217,0
DA:219,0
DA:222,0
DA:224,0
DA:227,0
DA:228,0
DA:230,0
DA:232,0
DA:258,0
DA:265,0
DA:269,0
DA:275,0
LF:54
LH:0
BRDA:97,0,0,0
BRDA:97,0,1,0
BRDA:102,1,0,0
BRDA:102,1,1,0
BRDA:102,2,0,0
BRDA:102,2,1,0
BRDA:102,3,0,0
BRDA:102,3,1,0
BRDA:109,4,0,0
BRDA:110,5,0,0
BRDA:110,5,1,0
BRDA:129,6,0,0
BRDA:129,7,0,0
BRDA:129,7,1,0
BRDA:132,8,0,0
BRDA:132,9,0,0
BRDA:132,9,1,0
BRDA:149,10,0,0
BRDA:152,11,0,0
BRDA:152,11,1,0
BRDA:175,12,0,0
BRDA:175,12,1,0
BRDA:199,13,0,0
BRDA:199,13,1,0
BRDA:199,14,0,0
BRDA:199,14,1,0
BRDA:203,15,0,0
BRDA:203,15,1,0
BRDA:203,16,0,0
BRDA:203,16,1,0
BRDA:205,17,0,0
BRDA:205,17,1,0
BRDA:208,18,0,0
BRDA:208,18,1,0
BRDA:222,19,0,0
BRDA:222,19,1,0
BRDA:224,20,0,0
BRDA:224,20,1,0
BRDA:227,21,0,0
BRDA:227,21,1,0
BRDA:236,22,0,0
BRDA:236,22,1,0
BRDA:240,23,0,0
BRDA:240,23,1,0
BRDA:245,24,0,0
BRDA:245,24,1,0
BRDA:247,25,0,0
BRDA:247,25,1,0
BRF:48
BRH:0
end_of_record
TN:
SF:src/components/Text.tsx
FN:55,Text
FNF:1
FNH:0
FNDA:0,Text
DA:2,0
DA:5,0
DA:6,0
DA:55,0
DA:64,0
DA:65,0
DA:69,0
DA:70,0
DA:87,0
DA:95,0
DA:102,0
DA:125,0
DA:151,0
LF:13
LH:0
BRDA:69,0,0,0
BRDA:69,0,1,0
BRDA:70,1,0,0
BRDA:70,1,1,0
BRDA:70,1,2,0
BRDA:151,2,0,0
BRDA:151,2,1,0
BRF:7
BRH:0
end_of_record
TN:
SF:src/components/index.tsx
FNF:0
FNH:0
DA:2,0
DA:3,0
DA:4,0
DA:5,0
DA:6,0
DA:7,0
DA:8,0
DA:9,0
DA:10,0
DA:11,0
DA:12,0
DA:13,0
LF:12
LH:0
BRF:0
BRH:0
end_of_record
TN:
SF:src/components/state_machines/patientSearch.ts
FNF:0
FNH:0
DA:1,0
DA:3,0
LF:2
LH:0
BRF:0
BRH:0
end_of_record
TN:
SF:src/components/state_machines/sync.ts
FN:65,(anonymous_0)
FN:71,(anonymous_1)
FNF:2
FNH:0
FNDA:0,(anonymous_0)
FNDA:0,(anonymous_1)
DA:1,0
DA:8,0
DA:66,0
DA:72,0
LF:4
LH:0
BRF:0
BRH:0
end_of_record
TN:
SF:src/db/api.ts
FN:17,registerNewPatient
FN:17,_registerNewPatient
FN:17,(anonymous_3)
FN:18,(anonymous_4)
FN:21,(anonymous_5)
FN:39,updatePatientWithId
FN:39,_updatePatientWithId
FN:39,(anonymous_8)
FN:40,(anonymous_9)
FN:42,(anonymous_10)
FN:63,createVisit
FN:63,_createVisit
FN:63,(anonymous_13)
FN:64,(anonymous_14)
FN:67,(anonymous_15)
FN:78,deleteVisit
FN:78,_deleteVisit
FN:78,(anonymous_18)
FN:79,(anonymous_19)
FN:81,(anonymous_20)
FN:93,createEvent
FN:93,_createEvent
FN:93,(anonymous_23)
FN:96,(anonymous_24)
FN:99,(anonymous_25)
FN:111,getLatestPatientEventByType
FN:111,_getLatestPatientEventByType
FN:111,(anonymous_28)
FN:132,deleteEvent
FN:132,_deleteEvent
FN:132,(anonymous_31)
FN:133,(anonymous_32)
FN:135,(anonymous_33)
FN:144,getAllPatientEventsByType
FN:144,_getAllPatientEventsByType
FN:144,(anonymous_36)
FN:159,getClinic
FN:159,_getClinic
FN:159,(anonymous_39)
FN:195,getUnsyncedRecords
FN:195,_getUnsyncedRecords
FN:195,(anonymous_42)
FNF:42
FNH:0
FNDA:0,registerNewPatient
FNDA:0,_registerNewPatient
FNDA:0,(anonymous_3)
FNDA:0,(anonymous_4)
FNDA:0,(anonymous_5)
FNDA:0,updatePatientWithId
FNDA:0,_updatePatientWithId
FNDA:0,(anonymous_8)
FNDA:0,(anonymous_9)
FNDA:0,(anonymous_10)
FNDA:0,createVisit
FNDA:0,_createVisit
FNDA:0,(anonymous_13)
FNDA:0,(anonymous_14)
FNDA:0,(anonymous_15)
FNDA:0,deleteVisit
FNDA:0,_deleteVisit
FNDA:0,(anonymous_18)
FNDA:0,(anonymous_19)
FNDA:0,(anonymous_20)
FNDA:0,createEvent
FNDA:0,_createEvent
FNDA:0,(anonymous_23)
FNDA:0,(anonymous_24)
FNDA:0,(anonymous_25)
FNDA:0,getLatestPatientEventByType
FNDA:0,_getLatestPatientEventByType
FNDA:0,(anonymous_28)
FNDA:0,deleteEvent
FNDA:0,_deleteEvent
FNDA:0,(anonymous_31)
FNDA:0,(anonymous_32)
FNDA:0,(anonymous_33)
FNDA:0,getAllPatientEventsByType
FNDA:0,_getAllPatientEventsByType
FNDA:0,(anonymous_36)
FNDA:0,getClinic
FNDA:0,_getClinic
FNDA:0,(anonymous_39)
FNDA:0,getUnsyncedRecords
FNDA:0,_getUnsyncedRecords
FNDA:0,(anonymous_42)
DA:2,0
DA:3,0
DA:17,0
DA:18,0
DA:19,0
DA:22,0
DA:23,0
DA:24,0
DA:25,0
DA:26,0
DA:27,0
DA:28,0
DA:29,0
DA:34,0
DA:36,0
DA:39,0
DA:40,0
DA:41,0
DA:42,0
DA:43,0
DA:44,0
DA:45,0
DA:46,0
DA:47,0
DA:48,0
DA:49,0
DA:50,0
DA:55,0
DA:57,0
DA:63,0
DA:64,0
DA:65,0
DA:68,0
DA:69,0
DA:70,0
DA:71,0
DA:73,0
DA:75,0
DA:78,0
DA:79,0
DA:80,0
DA:81,0
DA:82,0
DA:84,0
DA:86,0
DA:93,0
DA:96,0
DA:97,0
DA:100,0
DA:101,0
DA:102,0
DA:103,0
DA:104,0
DA:106,0
DA:108,0
DA:111,0
DA:115,0
DA:125,0
DA:128,0
DA:129,0
DA:132,0
DA:133,0
DA:134,0
DA:135,0
DA:136,0
DA:138,0
DA:140,0
DA:144,0
DA:148,0
DA:154,0
DA:159,0
DA:160,0
DA:161,0
DA:195,0
DA:197,0
DA:198,0
LF:76
LH:0
BRF:0
BRH:0
end_of_record
TN:
SF:src/db/index.ts
FN:19,(anonymous_1)
FN:27,onSetUpError
FNF:2
FNH:0
FNDA:0,(anonymous_1)
FNDA:0,onSetUpError
DA:2,0
DA:3,0
DA:4,0
DA:7,0
DA:8,0
DA:9,0
DA:10,0
DA:11,0
DA:12,0
DA:13,0
DA:14,0
DA:15,0
DA:16,0
DA:19,0
DA:21,0
DA:29,0
DA:35,0
DA:48,0
LF:18
LH:0
BRF:0
BRH:0
end_of_record
TN:
SF:src/db/migrations.ts
FNF:0
FNH:0
DA:1,0
DA:3,0
LF:2
LH:0
BRF:0
BRH:0
end_of_record
TN:
SF:src/db/schema.ts
FNF:0
FNH:0
DA:1,0
DA:5,0
DA:11,0
DA:25,0
DA:48,0
DA:62,0
DA:73,0
DA:87,0
DA:100,0
LF:9
LH:0
BRF:0
BRH:0
end_of_record
TN:
SF:src/db/model/StringId.ts
FN:4,(anonymous_4)
FNF:1
FNH:0
FNDA:0,(anonymous_4)
DA:1,0
DA:4,0
DA:5,0
LF:3
LH:0
BRF:0
BRH:0
end_of_record
TN:
SF:src/db/model/User.ts
FN:3,(anonymous_4)
FNF:1
FNH:0
FNDA:0,(anonymous_4)
DA:1,0
DA:3,0
LF:2
LH:0
BRF:0
BRH:0
end_of_record
TN:
SF:src/i18n/ar.ts
FNF:0
FNH:0
DA:1,0
DA:169,0
LF:2
LH:0
BRF:0
BRH:0
end_of_record
TN:
SF:src/i18n/en.ts
FNF:0
FNH:0
DA:1,1
DA:168,1
LF:2
LH:2
BRF:0
BRH:0
end_of_record
TN:
SF:src/i18n/es.ts
FNF:0
FNH:0
DA:1,0
DA:134,0
LF:2
LH:0
BRF:0
BRH:0
end_of_record
TN:
SF:src/i18n/i18n.ts
FNF:0
FNH:0
DA:1,0
DA:2,0
DA:3,0
DA:6,0
DA:7,0
DA:8,0
DA:10,0
DA:16,0
DA:24,0
DA:28,0
DA:29,0
DA:30,0
DA:61,0
LF:13
LH:0
BRF:0
BRH:0
end_of_record
TN:
SF:src/i18n/index.ts
FNF:0
FNH:0
DA:1,0
DA:2,0
DA:3,0
LF:3
LH:0
BRF:0
BRH:0
end_of_record
TN:
SF:src/i18n/translate.ts
FN:28,translate
FNF:1
FNH:0
FNDA:0,translate
DA:2,0
DA:28,0
DA:29,0
LF:3
LH:0
BRF:0
BRH:0
end_of_record
TN:
SF:src/navigators/RootDrawerNavigator.tsx
FN:9,SettingsScreen
FN:17,RootNavigator
FN:20,drawerContent
FN:22,header
FNF:4
FNH:0
FNDA:0,SettingsScreen
FNDA:0,RootNavigator
FNDA:0,drawerContent
FNDA:0,header
DA:1,0
DA:2,0
DA:3,0
DA:4,0
DA:5,0
DA:7,0
DA:9,0
DA:10,0
DA:17,0
DA:18,0
DA:20,0
DA:22,0
LF:12
LH:0
BRF:0
BRH:0
end_of_record
TN:
SF:src/screens/Benchmarking.tsx
FN:16,Benchmarking
FN:20,(anonymous_1)
FN:26,(anonymous_2)
FN:26,(anonymous_3)
FN:33,(anonymous_4)
FN:33,(anonymous_5)
FN:35,(anonymous_6)
FN:36,onPress
FN:26,deleteAllData
FN:41,(anonymous_9)
FN:41,(anonymous_10)
FN:43,(anonymous_11)
FN:61,(anonymous_12)
FN:65,(anonymous_13)
FN:80,(anonymous_14)
FN:84,(anonymous_15)
FN:92,(anonymous_16)
FN:93,(anonymous_17)
FN:97,(anonymous_18)
FN:98,(anonymous_19)
FN:109,(anonymous_20)
FN:41,saveData
FN:120,submit
FN:132,onPress
FN:156,onChangeText
FN:161,onChangeText
FNF:26
FNH:0
FNDA:0,Benchmarking
FNDA:0,(anonymous_1)
FNDA:0,(anonymous_2)
FNDA:0,(anonymous_3)
FNDA:0,(anonymous_4)
FNDA:0,(anonymous_5)
FNDA:0,(anonymous_6)
FNDA:0,onPress
FNDA:0,deleteAllData
FNDA:0,(anonymous_9)
FNDA:0,(anonymous_10)
FNDA:0,(anonymous_11)
FNDA:0,(anonymous_12)
FNDA:0,(anonymous_13)
FNDA:0,(anonymous_14)
FNDA:0,(anonymous_15)
FNDA:0,(anonymous_16)
FNDA:0,(anonymous_17)
FNDA:0,(anonymous_18)
FNDA:0,(anonymous_19)
FNDA:0,(anonymous_20)
FNDA:0,saveData
FNDA:0,submit
FNDA:0,onPress
FNDA:0,onChangeText
FNDA:0,onChangeText
DA:1,0
DA:2,0
DA:3,0
DA:4,0
DA:5,0
DA:6,0
DA:10,0
DA:12,0
DA:13,0
DA:14,0
DA:16,0
DA:17,0
DA:18,0
DA:19,0
DA:20,0
DA:23,0
DA:24,0
DA:26,0
DA:27,0
DA:33,0
DA:34,0
DA:35,0
DA:36,0
DA:39,0
DA:41,0
DA:42,0
DA:43,0
DA:45,0
DA:47,0
DA:51,0
DA:52,0
DA:54,0
DA:55,0
DA:56,0
DA:58,0
DA:61,0
DA:63,0
DA:66,0
DA:67,0
DA:68,0
DA:69,0
DA:70,0
DA:71,0
DA:72,0
DA:73,0
DA:78,0
DA:81,0
DA:82,0
DA:85,0
DA:86,0
DA:87,0
DA:88,0
DA:92,0
DA:93,0
DA:97,0
DA:98,0
DA:99,0
DA:100,0
DA:101,0
DA:102,0
DA:103,0
DA:108,0
DA:109,0
DA:117,0
DA:118,0
DA:120,0
DA:123,0
DA:133,0
DA:134,0
DA:143,0
DA:156,0
DA:161,0
DA:176,0
LF:73
LH:0
BRDA:46,0,0,0
BRDA:46,0,1,0
BRDA:78,1,0,0
BRDA:78,1,1,0
BRDA:146,2,0,0
BRDA:146,2,1,0
BRDA:147,3,0,0
BRDA:147,3,1,0
BRF:8
BRH:0
end_of_record
TN:
SF:src/screens/Covid19Form.tsx
FN:105,(anonymous_0)
FN:108,(anonymous_1)
FN:110,Covid19Form
FN:123,(anonymous_3)
FN:130,(anonymous_4)
FN:145,(anonymous_5)
FN:149,submit
FN:163,(anonymous_7)
FN:166,(anonymous_8)
FN:174,(anonymous_9)
FN:180,onChange
FN:198,(anonymous_11)
FN:204,onChange
FN:245,Covid19Display
FNF:14
FNH:0
FNDA:0,(anonymous_0)
FNDA:0,(anonymous_1)
FNDA:0,Covid19Form
FNDA:0,(anonymous_3)
FNDA:0,(anonymous_4)
FNDA:0,(anonymous_5)
FNDA:0,submit
FNDA:0,(anonymous_7)
FNDA:0,(anonymous_8)
FNDA:0,(anonymous_9)
FNDA:0,onChange
FNDA:0,(anonymous_11)
FNDA:0,onChange
FNDA:0,Covid19Display
DA:2,0
DA:3,0
DA:4,0
DA:5,0
DA:6,0
DA:7,0
DA:8,0
DA:9,0
DA:10,0
DA:11,0
DA:68,0
DA:84,0
DA:96,0
DA:104,0
DA:105,0
DA:108,0
DA:110,0
DA:111,0
DA:112,0
DA:113,0
DA:114,0
DA:115,0
DA:117,0
DA:118,0
DA:120,0
DA:121,0
DA:123,0
DA:125,0
DA:130,0
DA:131,0
DA:144,0
DA:145,0
DA:149,0
DA:150,0
DA:164,0
DA:167,0
DA:171,0
DA:174,0
DA:181,0
DA:182,0
DA:198,0
DA:204,0
DA:245,0
DA:246,0
DA:247,0
DA:370,0
DA:375,0
LF:47
LH:0
BRDA:126,0,0,0
BRDA:126,0,1,0
BRDA:126,0,2,0
BRDA:145,1,0,0
BRDA:145,1,1,0
BRDA:178,2,0,0
BRDA:178,2,1,0
BRDA:182,3,0,0
BRDA:182,3,1,0
BRDA:202,4,0,0
BRDA:202,4,1,0
BRDA:205,5,0,0
BRDA:205,5,1,0
BRDA:250,6,0,0
BRDA:250,6,1,0
BRDA:251,7,0,0
BRDA:251,7,1,0
BRDA:252,8,0,0
BRDA:252,8,1,0
BRDA:252,8,2,0
BRDA:256,9,0,0
BRDA:256,9,1,0
BRDA:261,10,0,0
BRDA:261,10,1,0
BRDA:266,11,0,0
BRDA:266,11,1,0
BRDA:271,12,0,0
BRDA:271,12,1,0
BRDA:276,13,0,0
BRDA:276,13,1,0
BRDA:281,14,0,0
BRDA:281,14,1,0
BRDA:286,15,0,0
BRDA:286,15,1,0
BRDA:291,16,0,0
BRDA:291,16,1,0
BRDA:296,17,0,0
BRDA:296,17,1,0
BRDA:301,18,0,0
BRDA:301,18,1,0
BRDA:306,19,0,0
BRDA:306,19,1,0
BRDA:311,20,0,0
BRDA:311,20,1,0
BRDA:316,21,0,0
BRDA:316,21,1,0
BRDA:321,22,0,0
BRDA:321,22,1,0
BRDA:326,23,0,0
BRDA:326,23,1,0
BRDA:331,24,0,0
BRDA:331,24,1,0
BRDA:336,25,0,0
BRDA:336,25,1,0
BRDA:341,26,0,0
BRDA:341,26,1,0
BRDA:346,27,0,0
BRDA:346,27,1,0
BRDA:351,28,0,0
BRDA:351,28,1,0
BRDA:356,29,0,0
BRDA:356,29,1,0
BRDA:361,30,0,0
BRDA:361,30,1,0
BRF:64
BRH:0
end_of_record
TN:
SF:src/screens/Examination.tsx
FN:18,ExaminationForm
FN:34,onSubmit
FN:48,(anonymous_2)
FN:52,(anonymous_3)
FN:124,ExaminationDisplay
FNF:5
FNH:0
FNDA:0,ExaminationForm
FNDA:0,onSubmit
FNDA:0,(anonymous_2)
FNDA:0,(anonymous_3)
FNDA:0,ExaminationDisplay
DA:2,0
DA:3,0
DA:4,0
DA:12,0
DA:13,0
DA:18,0
DA:19,0
DA:20,0
DA:21,0
DA:34,0
DA:35,0
DA:37,0
DA:49,0
DA:50,0
DA:52,0
DA:55,0
DA:124,0
DA:125,0
DA:126,0
DA:156,0
LF:20
LH:0
BRDA:103,0,0,0
BRDA:103,0,1,0
BRDA:145,1,0,0
BRDA:145,1,1,0
BRDA:149,2,0,0
BRDA:149,2,1,0
BRF:6
BRH:0
end_of_record
TN:
SF:src/screens/MedicalHistoryForm.tsx
FN:22,MedicalHistoryForm
FN:30,onSubmit
FN:39,(anonymous_2)
FN:43,(anonymous_3)
FN:87,MedicalHistoryDisplay
FNF:5
FNH:0
FNDA:0,MedicalHistoryForm
FNDA:0,onSubmit
FNDA:0,(anonymous_2)
FNDA:0,(anonymous_3)
FNDA:0,MedicalHistoryDisplay
DA:2,0
DA:4,0
DA:5,0
DA:6,0
DA:7,0
DA:22,0
DA:23,0
DA:24,0
DA:26,0
DA:30,0
DA:31,0
DA:32,0
DA:40,0
DA:41,0
DA:43,0
DA:45,0
DA:87,0
DA:88,0
DA:89,0
DA:113,0
DA:115,0
LF:21
LH:0
BRF:0
BRH:0
end_of_record
TN:
SF:src/screens/Medicine.tsx
FN:17,MedicineDisplay
FNF:1
FNH:0
FNDA:0,MedicineDisplay
DA:1,0
DA:2,0
DA:3,0
DA:17,0
DA:18,0
DA:19,0
LF:6
LH:0
BRF:0
BRH:0
end_of_record
TN:
SF:src/screens/MedicineForm.tsx
FN:46,MedicineForm
FN:60,onSubmit
FN:71,(anonymous_2)
FN:75,(anonymous_3)
FN:85,onValueChange
FN:87,(anonymous_5)
FN:115,MedicineFormDisplay
FNF:7
FNH:0
FNDA:0,MedicineForm
FNDA:0,onSubmit
FNDA:0,(anonymous_2)
FNDA:0,(anonymous_3)
FNDA:0,onValueChange
FNDA:0,(anonymous_5)
FNDA:0,MedicineFormDisplay
DA:1,0
DA:3,0
DA:4,0
DA:6,0
DA:7,0
DA:8,0
DA:25,0
DA:46,0
DA:47,0
DA:48,0
DA:50,0
DA:60,0
DA:61,0
DA:72,0
DA:73,0
DA:75,0
DA:78,0
DA:85,0
DA:87,0
DA:115,0
DA:116,0
DA:137,0
LF:22
LH:0
BRF:0
BRH:0
end_of_record
TN:
SF:src/screens/NewPatient.tsx
FN:17,(anonymous_0)
FN:29,NewPatientScreen
FN:49,(anonymous_2)
FN:49,(anonymous_3)
FN:49,onSubmit
FN:132,onValueChange
FNF:6
FNH:0
FNDA:0,(anonymous_0)
FNDA:0,NewPatientScreen
FNDA:0,(anonymous_2)
FNDA:0,(anonymous_3)
FNDA:0,onSubmit
FNDA:0,onValueChange
DA:2,0
DA:3,0
DA:4,0
DA:5,0
DA:7,0
DA:8,0
DA:10,0
DA:12,0
DA:13,0
DA:17,0
DA:19,0
DA:20,0
DA:21,0
DA:22,0
DA:29,0
DA:30,0
DA:31,0
DA:33,0
DA:49,0
DA:51,0
DA:55,0
DA:59,0
DA:65,0
DA:67,0
DA:70,0
DA:71,0
DA:73,0
DA:74,0
DA:76,0
DA:78,0
DA:132,0
DA:147,0
LF:32
LH:0
BRDA:34,0,0,0
BRDA:50,1,0,0
BRDA:50,1,1,0
BRDA:63,2,0,0
BRDA:63,2,1,0
BRF:5
BRH:0
end_of_record
TN:
SF:src/screens/OpenTextEvent.tsx
FN:19,OpenTextEvent
FN:31,onSubmit
FN:36,(anonymous_2)
FN:40,(anonymous_3)
FNF:4
FNH:0
FNDA:0,OpenTextEvent
FNDA:0,onSubmit
FNDA:0,(anonymous_2)
FNDA:0,(anonymous_3)
DA:2,0
DA:3,0
DA:4,0
DA:5,0
DA:6,0
DA:19,0
DA:20,0
DA:21,0
DA:23,0
DA:31,0
DA:33,0
DA:35,0
DA:37,0
DA:38,0
DA:40,0
DA:43,0
DA:63,0
LF:17
LH:0
BRF:0
BRH:0
end_of_record
TN:
SF:src/screens/PatientView.tsx
FN:29,patientLinks
FN:86,PatientView
FN:89,(anonymous_2)
FN:94,goToEditPatient
FN:97,goToNewPatientVisit
FN:109,(anonymous_5)
FN:118,(anonymous_6)
FN:124,(anonymous_7)
FN:145,keyExtractor
FN:158,LinkItem
FN:169,right
FN:170,onPress
FN:172,left
FN:177,PatientFileSummary
FNF:14
FNH:0
FNDA:0,patientLinks
FNDA:0,PatientView
FNDA:0,(anonymous_2)
FNDA:0,goToEditPatient
FNDA:0,goToNewPatientVisit
FNDA:0,(anonymous_5)
FNDA:0,(anonymous_6)
FNDA:0,(anonymous_7)
FNDA:0,keyExtractor
FNDA:0,LinkItem
FNDA:0,right
FNDA:0,onPress
FNDA:0,left
FNDA:0,PatientFileSummary
DA:5,0
DA:6,0
DA:7,0
DA:8,0
DA:10,0
DA:11,0
DA:12,0
DA:14,0
DA:15,0
DA:16,0
DA:17,0
DA:29,0
DA:32,0
DA:86,0
DA:87,0
DA:88,0
DA:89,0
DA:92,0
DA:94,0
DA:95,0
DA:97,0
DA:100,0
DA:102,0
DA:110,0
DA:116,0
DA:118,0
DA:121,0
DA:123,0
DA:124,0
DA:130,0
DA:145,0
DA:158,0
DA:159,0
DA:160,0
DA:165,0
DA:169,0
DA:170,0
DA:172,0
DA:177,0
DA:178,0
DA:179,0
DA:184,0
DA:209,0
DA:213,0
DA:217,0
DA:227,0
DA:233,0
DA:237,0
DA:242,0
LF:49
LH:0
BRDA:98,0,0,0
BRDA:98,0,1,0
BRDA:98,0,2,0
BRDA:202,1,0,0
BRDA:202,1,1,0
BRF:5
BRH:0
end_of_record
TN:
SF:src/screens/PhysiotherapyForm.tsx
FN:41,yesNoFromBoolean
FN:45,booleanFromYesNo
FN:49,PhysiotherapyForm
FN:57,(anonymous_3)
FN:60,(anonymous_4)
FN:65,(anonymous_5)
FN:70,onSubmit
FN:78,(anonymous_7)
FN:82,(anonymous_8)
FN:91,onChange
FN:121,onChange
FN:147,PhysiotherapyDisplay
FNF:12
FNH:0
FNDA:0,yesNoFromBoolean
FNDA:0,booleanFromYesNo
FNDA:0,PhysiotherapyForm
FNDA:0,(anonymous_3)
FNDA:0,(anonymous_4)
FNDA:0,(anonymous_5)
FNDA:0,onSubmit
FNDA:0,(anonymous_7)
FNDA:0,(anonymous_8)
FNDA:0,onChange
FNDA:0,onChange
FNDA:0,PhysiotherapyDisplay
DA:2,0
DA:3,0
DA:4,0
DA:5,0
DA:13,0
DA:14,0
DA:16,0
DA:33,0
DA:41,0
DA:42,0
DA:45,0
DA:46,0
DA:49,0
DA:50,0
DA:51,0
DA:53,0
DA:57,0
DA:59,0
DA:62,0
DA:66,0
DA:70,0
DA:71,0
DA:79,0
DA:80,0
DA:82,0
DA:84,0
DA:91,0
DA:121,0
DA:147,0
DA:148,0
DA:149,0
DA:193,0
DA:195,0
LF:33
LH:0
BRDA:42,0,0,0
BRDA:42,0,1,0
BRDA:61,1,0,0
BRDA:61,1,1,0
BRDA:156,2,0,0
BRDA:156,2,1,0
BRDA:157,3,0,0
BRDA:157,3,1,0
BRDA:181,4,0,0
BRDA:181,4,1,0
BRF:10
BRH:0
end_of_record
TN:
SF:src/screens/SnapshotList.tsx
FN:15,SnapshotList
FN:21,(anonymous_1)
FN:21,(anonymous_2)
FN:21,fetchEventData
FN:26,(anonymous_4)
FN:27,(anonymous_5)
FN:32,renderItem
FN:73,keyExtractor
FN:80,renderItem
FNF:9
FNH:0
FNDA:0,SnapshotList
FNDA:0,(anonymous_1)
FNDA:0,(anonymous_2)
FNDA:0,fetchEventData
FNDA:0,(anonymous_4)
FNDA:0,(anonymous_5)
FNDA:0,renderItem
FNDA:0,keyExtractor
FNDA:0,renderItem
DA:2,0
DA:4,0
DA:5,0
DA:6,0
DA:7,0
DA:8,0
DA:10,0
DA:11,0
DA:15,0
DA:16,0
DA:17,0
DA:19,0
DA:21,0
DA:22,0
DA:23,0
DA:24,0
DA:26,0
DA:27,0
DA:28,0
DA:32,0
DA:33,0
DA:34,0
DA:37,0
DA:39,0
DA:48,0
DA:73,0
DA:75,0
DA:80,0
DA:86,0
DA:88,0
DA:92,0
DA:110,0
LF:32
LH:0
BRDA:17,0,0,0
BRDA:17,0,1,0
BRDA:34,1,0,0
BRDA:34,1,1,0
BRDA:56,2,0,0
BRDA:56,2,1,0
BRF:6
BRH:0
end_of_record
TN:
SF:src/screens/VisitList.tsx
FN:17,VisitList
FN:25,fetchPatientData
FN:32,(anonymous_2)
FN:35,(anonymous_3)
FN:41,(anonymous_4)
FN:42,(anonymous_5)
FN:47,keyExtractor
FN:49,renderItem
FN:52,onPress
FN:58,onLongPress
FN:65,onPress
FN:70,onPress
FN:71,(anonymous_12)
FN:72,(anonymous_13)
FN:73,(anonymous_14)
FN:107,renderItem
FN:117,VitalsDisplay
FNF:17
FNH:0
FNDA:0,VisitList
FNDA:0,fetchPatientData
FNDA:0,(anonymous_2)
FNDA:0,(anonymous_3)
FNDA:0,(anonymous_4)
FNDA:0,(anonymous_5)
FNDA:0,keyExtractor
FNDA:0,renderItem
FNDA:0,onPress
FNDA:0,onLongPress
FNDA:0,onPress
FNDA:0,onPress
FNDA:0,(anonymous_12)
FNDA:0,(anonymous_13)
FNDA:0,(anonymous_14)
FNDA:0,renderItem
FNDA:0,VitalsDisplay
DA:1,0
DA:2,0
DA:4,0
DA:5,0
DA:6,0
DA:7,0
DA:9,0
DA:12,0
DA:17,0
DA:18,0
DA:19,0
DA:21,0
DA:23,0
DA:25,0
DA:26,0
DA:33,0
DA:36,0
DA:37,0
DA:41,0
DA:42,0
DA:43,0
DA:47,0
DA:49,0
DA:52,0
DA:58,0
DA:65,0
DA:71,0
DA:72,0
DA:73,0
DA:100,0
DA:102,0
DA:107,0
DA:117,0
DA:118,0
DA:119,0
LF:35
LH:0
BRF:0
BRH:0
end_of_record
TN:
SF:src/stores/provider.ts
FN:16,(anonymous_1)
FN:19,setProvider
FN:21,(anonymous_3)
FN:23,setClinic
FN:24,(anonymous_5)
FN:28,(anonymous_6)
FNF:6
FNH:0
FNDA:0,(anonymous_1)
FNDA:0,setProvider
FNDA:0,(anonymous_3)
FNDA:0,setClinic
FNDA:0,(anonymous_5)
FNDA:0,(anonymous_6)
DA:1,0
DA:3,0
DA:4,0
DA:14,0
DA:16,0
DA:19,0
DA:20,0
DA:21,0
DA:23,0
DA:24,0
DA:28,0
LF:11
LH:0
BRDA:19,0,0,0
BRDA:19,0,1,0
BRDA:19,1,0,0
BRDA:19,1,1,0
BRDA:23,2,0,0
BRDA:23,2,1,0
BRDA:23,3,0,0
BRDA:23,3,1,0
BRF:8
BRH:0
end_of_record
TN:
SF:src/stores/sync.ts
FN:8,(anonymous_0)
FN:10,setSyncStatus
FN:10,(anonymous_2)
FNF:3
FNH:0
FNDA:0,(anonymous_0)
FNDA:0,setSyncStatus
FNDA:0,(anonymous_2)
DA:1,0
DA:8,0
DA:10,0
LF:3
LH:0
BRF:0
BRH:0
end_of_record
TN:
SF:src/styles/buttons.ts
FNF:0
FNH:0
DA:1,0
DA:3,0
LF:2
LH:0
BRF:0
BRH:0
end_of_record
TN:
SF:src/styles/colors.ts
FNF:0
FNH:0
DA:1,0
LF:1
LH:0
BRF:0
BRH:0
end_of_record
TN:
SF:src/types/Event.ts
FNF:0
FNH:0
DA:1,0
LF:1
LH:0
BRF:0
BRH:0
end_of_record
TN:
SF:src/types/index.ts
FNF:0
FNH:0
DA:1,0
DA:2,0
DA:3,0
DA:4,0
LF:4
LH:0
BRF:0
BRH:0
end_of_record
TN:
SF:src/utils/dateUtils.ts
FN:8,calculateAgeInYears
FNF:1
FNH:0
FNDA:0,calculateAgeInYears
DA:1,0
DA:8,0
DA:9,0
DA:10,0
LF:4
LH:0
BRF:0
BRH:0
end_of_record
TN:
SF:src/utils/parsers.tsx
FN:1,parseMetadata
FNF:1
FNH:0
FNDA:0,parseMetadata
DA:1,0
DA:3,0
DA:5,0
DA:7,0
LF:4
LH:0
BRF:0
BRH:0
end_of_record
TN:
SF:src/utils/patient.ts
FN:3,displayNameAvatar
FN:8,displayName
FNF:2
FNH:0
FNDA:0,displayNameAvatar
FNDA:0,displayName
DA:3,0
DA:4,0
DA:5,0
DA:8,0
DA:9,0
DA:10,0
LF:6
LH:0
BRDA:5,0,0,0
BRDA:5,0,1,0
BRDA:5,1,0,0
BRDA:5,1,1,0
BRDA:10,2,0,0
BRDA:10,2,1,0
BRDA:10,3,0,0
BRDA:10,3,1,0
BRF:8
BRH:0
end_of_record
TN:
SF:src/utils/useIsMounted.ts
FN:3,useIsMounted
FN:6,(anonymous_1)
FN:9,(anonymous_2)
FN:14,(anonymous_3)
FNF:4
FNH:0
FNDA:0,useIsMounted
FNDA:0,(anonymous_1)
FNDA:0,(anonymous_2)
FNDA:0,(anonymous_3)
DA:1,0
DA:3,0
DA:4,0
DA:6,0
DA:7,0
DA:9,0
DA:10,0
DA:14,0
LF:8
LH:0
BRF:0
BRH:0
end_of_record
TN:
SF:src/utils/useSafeAreaInsetsStyle.ts
FN:25,useSafeAreaInsetsStyle
FN:41,(anonymous_1)
FNF:2
FNH:0
FNDA:0,useSafeAreaInsetsStyle
FNDA:0,(anonymous_1)
DA:2,0
DA:6,0
DA:15,0
DA:25,0
DA:26,0
DA:27,0
DA:39,0
DA:41,0
DA:42,0
LF:9
LH:0
BRDA:26,0,0,0
BRDA:26,0,1,0
BRDA:26,1,0,0
BRDA:26,1,1,0
BRDA:27,2,0,0
BRDA:27,2,1,0
BRDA:27,3,0,0
BRDA:27,3,1,0
BRDA:45,4,0,0
BRDA:45,4,1,0
BRF:10
BRH:0
end_of_record
TN:
SF:src/utils/generators/events.ts
FN:20,generateMedicineMetadata
FN:28,generatePhysiotherapyMetadata
FN:43,generateExaminationMetadata
FN:54,generateVitalsMetadata
FN:66,generateEventAndMetadata
FN:94,generateEvent
FN:113,generateEvents
FN:119,(anonymous_7)
FNF:8
FNH:8
FNDA:6,generateMedicineMetadata
FNDA:11,generatePhysiotherapyMetadata
FNDA:16,generateExaminationMetadata
FNDA:10,generateVitalsMetadata
FNDA:50,generateEventAndMetadata
FNDA:50,generateEvent
FNDA:1,generateEvents
FNDA:50,(anonymous_7)
DA:1,1
DA:2,1
DA:20,6
DA:28,1
DA:29,11
DA:43,16
DA:54,10
DA:66,1
DA:69,50
DA:76,50
DA:78,10
DA:80,16
DA:82,11
DA:84,6
DA:86,7
DA:89,0
DA:94,1
DA:99,50
DA:100,50
DA:113,1
DA:119,50
LF:21
LH:20
BRDA:21,0,0,6
BRDA:21,0,1,6
BRDA:31,1,0,11
BRDA:31,1,1,11
BRDA:44,2,0,16
BRDA:44,2,1,16
BRDA:55,3,0,10
BRDA:55,3,1,10
BRDA:76,4,0,10
BRDA:76,4,1,16
BRDA:76,4,2,11
BRDA:76,4,3,6
BRDA:76,4,4,7
BRDA:76,4,5,0
BRDA:89,5,0,0
BRDA:89,5,1,0
BRF:16
BRH:13
end_of_record
TN:
SF:src/utils/generators/patients.ts
FN:7,generatePatient
FN:24,generatePatients
FNF:2
FNH:2
FNDA:10,generatePatient
FNDA:1,generatePatients
DA:1,1
DA:2,1
DA:3,1
DA:7,10
DA:24,1
DA:25,1
LF:6
LH:6
BRF:0
BRH:0
end_of_record
TN:
SF:src/utils/generators/visits.ts
FN:5,generateVisit
FN:22,generateVisits
FN:28,(anonymous_2)
FNF:3
FNH:3
FNDA:10,generateVisit
FNDA:1,generateVisits
FNDA:10,(anonymous_2)
DA:1,1
DA:5,1
DA:8,10
DA:22,1
DA:28,10
LF:5
LH:5
BRF:0
BRH:0
end_of_record
TN:
SF:src/utils/storage/index.ts
FNF:0
FNH:0
DA:1,0
LF:1
LH:0
BRF:0
BRH:0
end_of_record
TN:
SF:src/utils/storage/storage.ts
FN:8,loadString
FN:8,_loadString
FN:8,(anonymous_3)
FN:23,saveString
FN:23,_saveString
FN:23,(anonymous_6)
FN:37,load
FN:37,_load
FN:37,(anonymous_9)
FN:52,save
FN:52,_save
FN:52,(anonymous_12)
FN:66,remove
FN:66,_remove
FN:66,(anonymous_15)
FN:75,clear
FN:75,_clear
FN:75,(anonymous_18)
FNF:18
FNH:18
FNDA:1,loadString
FNDA:1,_loadString
FNDA:1,(anonymous_3)
FNDA:1,saveString
FNDA:1,_saveString
FNDA:1,(anonymous_6)
FNDA:1,load
FNDA:1,_load
FNDA:1,(anonymous_9)
FNDA:1,save
FNDA:1,_save
FNDA:1,(anonymous_12)
FNDA:1,remove
FNDA:1,_remove
FNDA:1,(anonymous_15)
FNDA:1,clear
FNDA:1,_clear
FNDA:1,(anonymous_18)
DA:1,1
DA:8,1
DA:10,1
DA:13,0
DA:15,1
DA:23,1
DA:25,1
DA:26,1
DA:28,0
DA:30,1
DA:37,1
DA:39,1
DA:40,1
DA:42,0
DA:44,1
DA:52,1
DA:54,1
DA:55,1
DA:57,0
DA:59,1
DA:66,1
DA:67,1
DA:68,1
DA:70,1
DA:75,1
DA:76,1
DA:77,1
DA:79,1
LF:28
LH:24
BRF:0
BRH:0
end_of_record
