TN:
SF:src/index.tsx
FN:3,App
FNF:1
FNH:0
FNDA:0,App
DA:1,0
DA:3,0
DA:4,0
LF:3
LH:0
BRF:0
BRH:0
end_of_record
TN:
SF:src/components/AppBarNav.tsx
FN:31,AppBarNav
FN:38,(anonymous_8)
FN:38,(anonymous_9)
FN:38,initSync
FN:54,onPress
FNF:5
FNH:2
FNDA:1,AppBarNav
FNDA:1,(anonymous_8)
FNDA:0,(anonymous_9)
FNDA:0,initSync
FNDA:0,onPress
DA:1,13
DA:6,13
DA:7,13
DA:16,13
DA:17,13
DA:18,13
DA:19,13
DA:20,13
DA:21,13
DA:31,13
DA:32,1
DA:33,1
DA:34,1
DA:35,1
DA:36,1
DA:38,1
DA:39,0
DA:42,0
DA:44,0
DA:46,1
DA:47,1
DA:54,0
LF:22
LH:18
BRDA:49,0,0,0
BRDA:49,0,1,1
BRF:2
BRH:1
end_of_record
TN:
SF:src/components/Button.tsx
FN:4,Button
FNF:1
FNH:1
FNDA:11,Button
DA:1,13
DA:2,13
DA:4,13
DA:5,11
LF:4
LH:4
BRF:0
BRH:0
end_of_record
TN:
SF:src/components/Collapsible.tsx
FN:11,Collapsible
FN:17,onPress
FNF:2
FNH:1
FNDA:1,Collapsible
FNDA:0,onPress
DA:1,2
DA:2,2
DA:3,2
DA:4,2
DA:11,2
DA:12,1
DA:13,1
DA:15,1
DA:17,0
DA:28,2
LF:10
LH:9
BRDA:20,0,0,0
BRDA:20,0,1,1
BRDA:23,1,0,1
BRDA:23,1,1,0
BRF:4
BRH:2
end_of_record
TN:
SF:src/components/ControlledRadioGroup.tsx
FN:18,ControlledRadioGroup
FN:41,(anonymous_1)
FNF:2
FNH:2
FNDA:2,ControlledRadioGroup
FNDA:4,(anonymous_1)
DA:1,13
DA:6,13
DA:7,13
DA:18,13
DA:19,2
DA:21,2
DA:23,2
DA:26,0
DA:29,0
DA:31,2
DA:33,2
DA:41,4
LF:12
LH:10
BRDA:25,0,0,2
BRDA:25,0,1,2
BRDA:26,1,0,0
BRDA:26,1,1,0
BRDA:50,2,0,2
BRDA:50,2,1,0
BRF:6
BRH:3
end_of_record
TN:
SF:src/components/ControlledTextField.tsx
FN:11,ControlledTextField
FNF:1
FNH:1
FNDA:38,ControlledTextField
DA:1,13
DA:6,13
DA:7,13
DA:11,13
DA:12,38
DA:14,37
DA:16,37
DA:19,0
DA:22,0
DA:24,37
DA:26,37
LF:11
LH:9
BRDA:18,0,0,37
BRDA:18,0,1,37
BRDA:19,1,0,0
BRDA:19,1,1,0
BRDA:35,2,0,37
BRDA:35,2,1,0
BRF:6
BRH:3
end_of_record
TN:
SF:src/components/CustomDrawerContent.tsx
FN:29,CustomDrawerContent
FN:36,(anonymous_2)
FN:40,signOut
FN:44,(anonymous_4)
FN:44,(anonymous_5)
FN:44,initSync
FN:67,icon
FN:70,onPress
FN:75,icon
FN:79,onPress
FN:84,icon
FN:87,onPress
FN:92,icon
FN:95,onPress
FN:100,icon
FN:106,icon
FNF:16
FNH:0
FNDA:0,CustomDrawerContent
FNDA:0,(anonymous_2)
FNDA:0,signOut
FNDA:0,(anonymous_4)
FNDA:0,(anonymous_5)
FNDA:0,initSync
FNDA:0,icon
FNDA:0,onPress
FNDA:0,icon
FNDA:0,onPress
FNDA:0,icon
FNDA:0,onPress
FNDA:0,icon
FNDA:0,onPress
FNDA:0,icon
FNDA:0,icon
DA:1,13
DA:2,13
DA:9,13
DA:10,13
DA:11,13
DA:17,13
DA:18,13
DA:19,13
DA:20,13
DA:21,13
DA:22,13
DA:23,13
DA:24,13
DA:25,13
DA:29,13
DA:30,0
DA:33,0
DA:35,0
DA:36,0
DA:38,0
DA:40,0
DA:42,0
DA:44,0
DA:45,0
DA:48,0
DA:50,0
DA:52,0
DA:53,0
DA:56,0
DA:67,0
DA:70,0
DA:75,0
DA:84,0
DA:87,0
DA:92,0
DA:95,0
DA:100,0
DA:106,0
DA:126,13
DA:131,13
DA:143,13
DA:148,13
LF:42
LH:19
BRDA:53,0,0,0
BRDA:53,0,1,0
BRF:2
BRH:0
end_of_record
TN:
SF:src/components/DatePicker.tsx
FN:13,DatePickerButton
FN:25,onPress
FN:25,(anonymous_9)
FN:32,onConfirm
FN:38,onCancel
FN:50,ControlledDatePickerButton
FNF:6
FNH:2
FNDA:3,DatePickerButton
FNDA:0,onPress
FNDA:0,(anonymous_9)
FNDA:0,onConfirm
FNDA:0,onCancel
FNDA:2,ControlledDatePickerButton
DA:1,3
DA:2,3
DA:3,3
DA:8,3
DA:9,3
DA:13,3
DA:14,3
DA:15,3
DA:16,3
DA:18,3
DA:20,3
DA:25,0
DA:33,0
DA:34,0
DA:39,0
DA:50,3
DA:53,2
DA:55,2
DA:57,2
DA:60,0
DA:63,0
DA:65,2
DA:67,2
DA:81,3
LF:24
LH:18
BRDA:34,0,0,0
BRDA:34,0,1,0
BRDA:34,1,0,0
BRDA:34,1,1,0
BRDA:59,2,0,2
BRDA:59,2,1,2
BRDA:60,3,0,0
BRDA:60,3,1,0
BRDA:74,4,0,2
BRDA:74,4,1,0
BRF:10
BRH:3
end_of_record
TN:
SF:src/components/EventFormDisplay.tsx
FN:58,getEventDisplay
FNF:1
FNH:0
FNDA:0,getEventDisplay
DA:2,1
DA:6,1
DA:10,1
DA:11,1
DA:12,1
DA:13,1
DA:14,1
DA:17,1
DA:58,1
DA:61,0
DA:63,0
DA:68,0
DA:70,0
DA:75,0
DA:78,0
DA:83,0
DA:85,0
DA:88,0
DA:90,0
DA:97,0
DA:99,0
DA:106,0
DA:108,0
DA:109,0
DA:112,0
LF:25
LH:9
BRDA:61,0,0,0
BRDA:61,0,1,0
BRDA:61,0,2,0
BRDA:61,0,3,0
BRDA:61,0,4,0
BRDA:61,0,5,0
BRDA:61,0,6,0
BRDA:61,0,7,0
BRDA:108,1,0,0
BRDA:108,1,1,0
BRF:10
BRH:0
end_of_record
TN:
SF:src/components/HorizontalRadioGroup.tsx
FN:13,HorizontalRadioGroup
FN:19,(anonymous_1)
FN:22,onPress
FN:27,onPress
FNF:4
FNH:2
FNDA:14,HorizontalRadioGroup
FNDA:28,(anonymous_1)
FNDA:0,onPress
FNDA:0,onPress
DA:1,13
DA:2,13
DA:3,13
DA:4,13
DA:13,13
DA:14,14
DA:15,14
DA:19,28
DA:22,0
DA:27,0
DA:38,13
LF:11
LH:9
BRDA:28,0,0,14
BRDA:28,0,1,14
BRF:2
BRH:2
end_of_record
TN:
SF:src/components/If.tsx
FN:7,If
FNF:1
FNH:1
FNDA:6,If
DA:7,14
DA:9,2
DA:12,4
LF:3
LH:3
BRF:0
BRH:0
end_of_record
TN:
SF:src/components/LanguageToggle.tsx
FN:6,LanguageToggle
FN:9,(anonymous_7)
FN:10,(anonymous_8)
FN:21,setLanguage
FNF:4
FNH:2
FNDA:1,LanguageToggle
FNDA:1,(anonymous_7)
FNDA:0,(anonymous_8)
FNDA:0,setLanguage
DA:1,13
DA:2,13
DA:3,13
DA:4,13
DA:6,13
DA:7,1
DA:8,1
DA:9,1
DA:10,1
DA:11,0
DA:14,1
DA:21,1
DA:25,0
DA:28,1
DA:44,13
LF:15
LH:13
BRDA:14,0,0,0
BRDA:14,0,1,1
BRF:2
BRH:1
end_of_record
TN:
SF:src/components/PatientListItem.tsx
FN:18,PatientListItem
FN:22,(anonymous_1)
FNF:2
FNH:0
FNDA:0,PatientListItem
FNDA:0,(anonymous_1)
DA:1,13
DA:2,13
DA:3,13
DA:4,13
DA:5,13
DA:6,13
DA:7,13
DA:9,13
DA:10,13
DA:18,13
DA:19,0
DA:22,0
DA:23,0
DA:25,0
DA:62,13
DA:70,13
LF:16
LH:12
BRF:0
BRH:0
end_of_record
TN:
SF:src/components/PatientSummary.tsx
FN:16,PatientSummary
FN:18,(anonymous_1)
FN:25,(anonymous_2)
FN:25,(anonymous_3)
FN:25,fetchPatientData
FN:34,(anonymous_5)
FN:34,(anonymous_6)
FN:34,savePatientSummary
FN:59,toggleViewMode
FN:59,(anonymous_9)
FN:61,(anonymous_10)
FN:62,(anonymous_11)
FN:103,onChangeText
FNF:13
FNH:6
FNDA:1,PatientSummary
FNDA:1,(anonymous_1)
FNDA:1,(anonymous_2)
FNDA:0,(anonymous_3)
FNDA:0,fetchPatientData
FNDA:1,(anonymous_5)
FNDA:0,(anonymous_6)
FNDA:0,savePatientSummary
FNDA:1,toggleViewMode
FNDA:0,(anonymous_9)
FNDA:1,(anonymous_10)
FNDA:0,(anonymous_11)
FNDA:0,onChangeText
DA:1,13
DA:2,13
DA:3,13
DA:5,13
DA:6,13
DA:7,13
DA:8,13
DA:16,13
DA:17,1
DA:18,1
DA:21,1
DA:23,1
DA:25,1
DA:26,0
DA:31,0
DA:32,1
DA:34,1
DA:35,0
DA:36,0
DA:38,0
DA:45,0
DA:52,0
DA:54,0
DA:55,0
DA:57,1
DA:59,1
DA:61,1
DA:62,1
DA:63,0
DA:67,1
DA:103,0
DA:113,13
DA:118,13
DA:122,13
LF:34
LH:23
BRDA:31,0,0,0
BRDA:36,1,0,0
BRDA:36,2,0,0
BRDA:36,2,1,0
BRDA:41,3,0,0
BRDA:41,3,1,0
BRDA:42,4,0,0
BRDA:42,4,1,0
BRDA:74,5,0,1
BRDA:74,5,1,0
BRDA:93,6,0,0
BRDA:93,6,1,1
BRF:12
BRH:2
end_of_record
TN:
SF:src/components/Row.tsx
FN:8,Row
FNF:1
FNH:0
FNDA:0,Row
DA:2,13
DA:8,13
DA:9,0
DA:12,13
LF:4
LH:3
BRF:0
BRH:0
end_of_record
TN:
SF:src/components/Screen.tsx
FN:96,isNonScrolling
FN:100,useAutoPreset
FN:108,updateScrollState
FN:116,(anonymous_9)
FN:135,onContentSizeChange
FN:141,onLayout
FN:158,FullScreenFixed
FN:163,ScreenWithoutScrolling
FN:172,ScreenWithScrolling
FN:197,onLayout
FN:201,onContentSizeChange
FN:216,Screen
FNF:12
FNH:6
FNDA:13,isNonScrolling
FNDA:10,useAutoPreset
FNDA:0,updateScrollState
FNDA:0,(anonymous_9)
FNDA:0,onContentSizeChange
FNDA:0,onLayout
FNDA:1,FullScreenFixed
FNDA:4,ScreenWithoutScrolling
FNDA:11,ScreenWithScrolling
FNDA:0,onLayout
FNDA:0,onContentSizeChange
FNDA:16,Screen
DA:1,14
DA:2,14
DA:3,14
DA:4,14
DA:15,14
DA:16,14
DA:94,14
DA:97,13
DA:101,10
DA:102,10
DA:104,10
DA:105,10
DA:106,10
DA:109,0
DA:113,0
DA:116,0
DA:118,0
DA:122,0
DA:129,0
DA:132,0
DA:137,0
DA:138,0
DA:142,0
DA:144,0
DA:145,0
DA:149,10
DA:151,10
DA:159,1
DA:160,1
DA:164,4
DA:165,3
DA:175,10
DA:179,11
DA:181,10
DA:183,10
DA:190,10
DA:192,10
DA:198,0
DA:199,0
DA:202,0
DA:203,0
DA:216,14
DA:217,16
DA:219,14
DA:222,14
DA:224,14
DA:227,14
DA:228,14
DA:230,14
DA:232,14
DA:258,14
DA:265,14
DA:269,14
DA:275,14
LF:54
LH:38
BRDA:97,0,0,13
BRDA:97,0,1,13
BRDA:102,1,0,10
BRDA:102,1,1,10
BRDA:102,2,0,10
BRDA:102,2,1,0
BRDA:102,3,0,10
BRDA:102,3,1,0
BRDA:109,4,0,0
BRDA:110,5,0,0
BRDA:110,5,1,0
BRDA:129,6,0,0
BRDA:129,7,0,0
BRDA:129,7,1,0
BRDA:132,8,0,0
BRDA:132,9,0,0
BRDA:132,9,1,0
BRDA:149,10,0,0
BRDA:152,11,0,0
BRDA:152,11,1,10
BRDA:175,12,0,10
BRDA:175,12,1,0
BRDA:199,13,0,0
BRDA:199,13,1,0
BRDA:199,14,0,0
BRDA:199,14,1,0
BRDA:203,15,0,0
BRDA:203,15,1,0
BRDA:203,16,0,0
BRDA:203,16,1,0
BRDA:205,17,0,10
BRDA:205,17,1,0
BRDA:208,18,0,10
BRDA:208,18,1,0
BRDA:222,19,0,14
BRDA:222,19,1,0
BRDA:224,20,0,14
BRDA:224,20,1,0
BRDA:227,21,0,14
BRDA:227,21,1,0
BRDA:236,22,0,1
BRDA:236,22,1,13
BRDA:240,23,0,13
BRDA:240,23,1,0
BRDA:245,24,0,13
BRDA:245,24,1,0
BRDA:247,25,0,3
BRDA:247,25,1,10
BRF:48
BRH:19
end_of_record
TN:
SF:src/components/SyncModal.tsx
FN:30,GlobalServicesContextProvider
FN:40,SyncModal
FN:160,IconedText
FN:178,matchStateToMultiple
FN:179,(anonymous_5)
FNF:5
FNH:1
FNDA:2,GlobalServicesContextProvider
FNDA:0,SyncModal
FNDA:0,IconedText
FNDA:0,matchStateToMultiple
FNDA:0,(anonymous_5)
DA:1,13
DA:3,13
DA:11,13
DA:12,13
DA:14,13
DA:16,13
DA:17,13
DA:26,13
DA:30,13
DA:31,2
DA:33,2
DA:40,13
DA:43,0
DA:44,0
DA:59,0
DA:63,0
DA:160,13
DA:166,0
DA:178,13
DA:179,0
DA:181,13
DA:186,13
DA:196,13
DA:206,13
DA:210,13
DA:215,13
DA:219,13
LF:27
LH:21
BRDA:59,0,0,0
BRDA:59,0,1,0
BRDA:87,1,0,0
BRDA:87,1,1,0
BRDA:97,2,0,0
BRDA:97,2,1,0
BRDA:118,3,0,0
BRDA:118,3,1,0
BRDA:144,4,0,0
BRDA:144,4,1,0
BRDA:167,5,0,0
BRDA:167,5,1,0
BRDA:171,6,0,0
BRDA:171,6,1,0
BRF:14
BRH:0
end_of_record
TN:
SF:src/components/Text.tsx
FN:55,Text
FNF:1
FNH:1
FNDA:84,Text
DA:2,13
DA:5,13
DA:6,13
DA:55,13
DA:64,84
DA:65,84
DA:69,84
DA:70,84
DA:87,84
DA:95,84
DA:102,13
DA:125,13
DA:151,13
LF:13
LH:13
BRDA:69,0,0,84
BRDA:69,0,1,4
BRDA:70,1,0,84
BRDA:70,1,1,80
BRDA:70,1,2,66
BRDA:151,2,0,0
BRDA:151,2,1,13
BRF:7
BRH:6
end_of_record
TN:
SF:src/components/index.tsx
FNF:0
FNH:0
DA:2,13
DA:3,13
DA:4,13
DA:5,13
DA:6,13
DA:7,13
DA:8,13
DA:9,13
DA:10,13
DA:11,13
DA:12,13
DA:13,13
LF:12
LH:12
BRF:0
BRH:0
end_of_record
TN:
SF:src/components/state_machines/patientSearch.ts
FNF:0
FNH:0
DA:1,0
DA:3,0
LF:2
LH:0
BRF:0
BRH:0
end_of_record
TN:
SF:src/components/state_machines/sync.ts
FN:65,(anonymous_0)
FN:71,(anonymous_1)
FNF:2
FNH:0
FNDA:0,(anonymous_0)
FNDA:0,(anonymous_1)
DA:1,13
DA:8,13
DA:66,0
DA:72,0
LF:4
LH:2
BRF:0
BRH:0
end_of_record
TN:
SF:src/db/api.ts
FN:17,registerNewPatient
FN:17,_registerNewPatient
FN:17,(anonymous_3)
FN:18,(anonymous_4)
FN:21,(anonymous_5)
FN:39,updatePatientWithId
FN:39,_updatePatientWithId
FN:39,(anonymous_8)
FN:40,(anonymous_9)
FN:42,(anonymous_10)
FN:63,createVisit
FN:63,_createVisit
FN:63,(anonymous_13)
FN:64,(anonymous_14)
FN:67,(anonymous_15)
FN:79,deleteVisit
FN:79,_deleteVisit
FN:79,(anonymous_18)
FN:80,(anonymous_19)
FN:82,(anonymous_20)
FN:94,createEvent
FN:94,_createEvent
FN:94,(anonymous_23)
FN:97,(anonymous_24)
FN:100,(anonymous_25)
FN:112,getLatestPatientEventByType
FN:112,_getLatestPatientEventByType
FN:112,(anonymous_28)
FN:133,deleteEvent
FN:133,_deleteEvent
FN:133,(anonymous_31)
FN:134,(anonymous_32)
FN:136,(anonymous_33)
FN:145,getAllPatientEventsByType
FN:145,_getAllPatientEventsByType
FN:145,(anonymous_36)
FN:160,getClinic
FN:160,_getClinic
FN:160,(anonymous_39)
FN:196,getUnsyncedRecords
FN:196,_getUnsyncedRecords
FN:196,(anonymous_42)
FNF:42
FNH:3
FNDA:0,registerNewPatient
FNDA:0,_registerNewPatient
FNDA:0,(anonymous_3)
FNDA:0,(anonymous_4)
FNDA:0,(anonymous_5)
FNDA:0,updatePatientWithId
FNDA:0,_updatePatientWithId
FNDA:0,(anonymous_8)
FNDA:0,(anonymous_9)
FNDA:0,(anonymous_10)
FNDA:0,createVisit
FNDA:0,_createVisit
FNDA:0,(anonymous_13)
FNDA:0,(anonymous_14)
FNDA:0,(anonymous_15)
FNDA:0,deleteVisit
FNDA:0,_deleteVisit
FNDA:0,(anonymous_18)
FNDA:0,(anonymous_19)
FNDA:0,(anonymous_20)
FNDA:0,createEvent
FNDA:0,_createEvent
FNDA:0,(anonymous_23)
FNDA:0,(anonymous_24)
FNDA:0,(anonymous_25)
FNDA:1,getLatestPatientEventByType
FNDA:1,_getLatestPatientEventByType
FNDA:1,(anonymous_28)
FNDA:0,deleteEvent
FNDA:0,_deleteEvent
FNDA:0,(anonymous_31)
FNDA:0,(anonymous_32)
FNDA:0,(anonymous_33)
FNDA:0,getAllPatientEventsByType
FNDA:0,_getAllPatientEventsByType
FNDA:0,(anonymous_36)
FNDA:0,getClinic
FNDA:0,_getClinic
FNDA:0,(anonymous_39)
FNDA:0,getUnsyncedRecords
FNDA:0,_getUnsyncedRecords
FNDA:0,(anonymous_42)
DA:2,13
DA:3,13
DA:17,13
DA:18,0
DA:19,0
DA:22,0
DA:23,0
DA:24,0
DA:25,0
DA:26,0
DA:27,0
DA:28,0
DA:29,0
DA:34,0
DA:36,0
DA:39,13
DA:40,0
DA:41,0
DA:42,0
DA:43,0
DA:44,0
DA:45,0
DA:46,0
DA:47,0
DA:48,0
DA:49,0
DA:50,0
DA:55,0
DA:57,0
DA:63,13
DA:64,0
DA:65,0
DA:68,0
DA:69,0
DA:70,0
DA:72,0
DA:74,0
DA:76,0
DA:79,13
DA:80,0
DA:81,0
DA:82,0
DA:83,0
DA:85,0
DA:87,0
DA:94,13
DA:97,0
DA:98,0
DA:101,0
DA:102,0
DA:103,0
DA:104,0
DA:105,0
DA:107,0
DA:109,0
DA:112,13
DA:116,1
DA:126,0
DA:129,1
DA:130,1
DA:133,13
DA:134,0
DA:135,0
DA:136,0
DA:137,0
DA:139,0
DA:141,0
DA:145,13
DA:149,0
DA:155,0
DA:160,13
DA:161,0
DA:162,0
DA:196,13
DA:198,0
DA:199,0
LF:76
LH:15
BRF:0
BRH:0
end_of_record
TN:
SF:src/db/index.ts
FN:20,(anonymous_1)
FN:30,onSetUpError
FNF:2
FNH:1
FNDA:13,(anonymous_1)
FNDA:0,onSetUpError
DA:2,13
DA:3,13
DA:4,13
DA:7,13
DA:8,13
DA:9,13
DA:10,13
DA:11,13
DA:12,13
DA:13,13
DA:14,13
DA:15,13
DA:16,13
DA:17,13
DA:20,13
DA:22,13
DA:32,0
DA:38,13
DA:51,13
LF:19
LH:18
BRDA:22,0,0,13
BRDA:22,0,1,0
BRF:2
BRH:1
end_of_record
TN:
SF:src/db/migrations.ts
FNF:0
FNH:0
DA:1,13
DA:3,13
LF:2
LH:2
BRF:0
BRH:0
end_of_record
TN:
SF:src/db/schema.ts
FNF:0
FNH:0
DA:1,13
DA:5,13
DA:11,13
DA:25,13
DA:48,13
DA:62,13
DA:73,13
DA:87,13
DA:100,13
LF:9
LH:9
BRF:0
BRH:0
end_of_record
TN:
SF:src/db/sync.ts
FN:21,syncDB
FN:21,_syncDB
FN:21,(anonymous_3)
FN:28,(anonymous_4)
FN:28,(anonymous_5)
FN:50,(anonymous_6)
FN:54,(anonymous_7)
FN:60,(anonymous_8)
FN:64,(anonymous_9)
FN:70,(anonymous_10)
FN:74,(anonymous_11)
FN:92,(anonymous_12)
FN:108,pullChanges
FN:109,(anonymous_14)
FN:109,(anonymous_15)
FN:133,pushChanges
FN:138,countRecordsInChanges
FN:140,(anonymous_18)
FNF:18
FNH:0
FNDA:0,syncDB
FNDA:0,_syncDB
FNDA:0,(anonymous_3)
FNDA:0,(anonymous_4)
FNDA:0,(anonymous_5)
FNDA:0,(anonymous_6)
FNDA:0,(anonymous_7)
FNDA:0,(anonymous_8)
FNDA:0,(anonymous_9)
FNDA:0,(anonymous_10)
FNDA:0,(anonymous_11)
FNDA:0,(anonymous_12)
FNDA:0,pullChanges
FNDA:0,(anonymous_14)
FNDA:0,(anonymous_15)
FNDA:0,pushChanges
FNDA:0,countRecordsInChanges
FNDA:0,(anonymous_18)
DA:1,13
DA:6,13
DA:8,13
DA:11,13
DA:12,13
DA:17,13
DA:19,13
DA:21,13
DA:25,0
DA:28,0
DA:31,0
DA:34,0
DA:35,0
DA:37,0
DA:48,0
DA:50,0
DA:51,0
DA:52,0
DA:54,0
DA:55,0
DA:56,0
DA:60,0
DA:61,0
DA:62,0
DA:64,0
DA:65,0
DA:66,0
DA:70,0
DA:71,0
DA:72,0
DA:74,0
DA:75,0
DA:76,0
DA:79,0
DA:80,0
DA:91,0
DA:92,0
DA:107,0
DA:108,0
DA:109,0
DA:111,0
DA:112,0
DA:116,0
DA:128,0
DA:129,0
DA:131,0
DA:133,0
DA:136,0
DA:138,13
DA:140,0
LF:50
LH:9
BRDA:50,0,0,0
BRDA:50,0,1,0
BRDA:54,1,0,0
BRDA:54,1,1,0
BRDA:60,2,0,0
BRDA:60,2,1,0
BRDA:64,3,0,0
BRDA:64,3,1,0
BRDA:70,4,0,0
BRDA:70,4,1,0
BRDA:74,5,0,0
BRDA:74,5,1,0
BRF:12
BRH:0
end_of_record
TN:
SF:src/db/model/Clinic.ts
FN:5,(anonymous_5)
FNF:1
FNH:1
FNDA:13,(anonymous_5)
DA:1,13
DA:2,13
DA:5,39
DA:8,13
DA:9,13
DA:10,13
DA:11,13
LF:7
LH:7
BRF:0
BRH:0
end_of_record
TN:
SF:src/db/model/Event.ts
FN:15,(anonymous_5)
FNF:1
FNH:1
FNDA:13,(anonymous_5)
DA:1,13
DA:3,13
DA:15,39
DA:16,13
DA:23,13
DA:24,13
DA:25,13
DA:26,13
DA:27,13
DA:28,13
DA:29,13
LF:11
LH:11
BRF:0
BRH:0
end_of_record
TN:
SF:src/db/model/Patient.ts
FN:21,(anonymous_5)
FNF:1
FNH:1
FNDA:13,(anonymous_5)
DA:1,13
DA:3,13
DA:21,39
DA:22,13
DA:29,13
DA:32,13
DA:33,13
DA:34,13
DA:35,13
DA:36,13
DA:37,13
DA:38,13
DA:39,13
DA:40,13
DA:41,13
DA:42,13
DA:43,13
LF:17
LH:17
BRF:0
BRH:0
end_of_record
TN:
SF:src/db/model/StringContent.ts
FN:5,(anonymous_5)
FNF:1
FNH:1
FNDA:13,(anonymous_5)
DA:1,13
DA:2,13
DA:5,39
DA:6,13
DA:11,13
DA:12,13
DA:13,13
DA:14,13
LF:8
LH:8
BRF:0
BRH:0
end_of_record
TN:
SF:src/db/model/StringId.ts
FN:4,(anonymous_4)
FNF:1
FNH:1
FNDA:13,(anonymous_4)
DA:1,13
DA:4,39
DA:5,13
LF:3
LH:3
BRF:0
BRH:0
end_of_record
TN:
SF:src/db/model/User.ts
FN:3,(anonymous_4)
FNF:1
FNH:1
FNDA:13,(anonymous_4)
DA:1,13
DA:3,39
LF:2
LH:2
BRF:0
BRH:0
end_of_record
TN:
SF:src/db/model/Visit.ts
FN:18,(anonymous_5)
FNF:1
FNH:1
FNDA:13,(anonymous_5)
DA:1,13
DA:3,13
DA:18,39
DA:19,13
DA:26,13
DA:27,13
DA:30,13
DA:31,13
DA:32,13
DA:33,13
DA:34,13
DA:35,13
DA:36,13
LF:13
LH:13
BRF:0
BRH:0
end_of_record
TN:
SF:src/i18n/ar.ts
FNF:0
FNH:0
DA:1,13
DA:169,13
LF:2
LH:2
BRF:0
BRH:0
end_of_record
TN:
SF:src/i18n/en.ts
FNF:0
FNH:0
DA:1,14
DA:168,14
LF:2
LH:2
BRF:0
BRH:0
end_of_record
TN:
SF:src/i18n/es.ts
FNF:0
FNH:0
DA:1,13
DA:134,13
LF:2
LH:2
BRF:0
BRH:0
end_of_record
TN:
SF:src/i18n/i18n.ts
FNF:0
FNH:0
DA:1,13
DA:2,13
DA:3,13
DA:6,13
DA:7,13
DA:8,13
DA:10,13
DA:16,13
DA:24,13
DA:28,13
DA:29,13
DA:30,13
DA:61,13
LF:13
LH:13
BRF:0
BRH:0
end_of_record
TN:
SF:src/i18n/index.ts
FNF:0
FNH:0
DA:1,13
DA:2,13
DA:3,13
LF:3
LH:3
BRF:0
BRH:0
end_of_record
TN:
SF:src/i18n/translate.ts
FN:28,translate
FNF:1
FNH:1
FNDA:136,translate
DA:2,13
DA:28,13
DA:29,136
LF:3
LH:3
BRF:0
BRH:0
end_of_record
TN:
SF:src/navigators/RootDrawerNavigator.tsx
FN:9,SettingsScreen
FN:17,RootNavigator
FN:20,drawerContent
FN:22,header
FNF:4
FNH:0
FNDA:0,SettingsScreen
FNDA:0,RootNavigator
FNDA:0,drawerContent
FNDA:0,header
DA:1,0
DA:2,0
DA:3,0
DA:4,0
DA:5,0
DA:7,0
DA:9,0
DA:10,0
DA:17,0
DA:18,0
DA:20,0
DA:22,0
LF:12
LH:0
BRF:0
BRH:0
end_of_record
TN:
SF:src/screens/Covid19Form.tsx
FN:105,(anonymous_0)
FN:108,(anonymous_1)
FN:110,Covid19Form
FN:123,(anonymous_3)
FN:130,(anonymous_4)
FN:145,(anonymous_5)
FN:149,submit
FN:163,(anonymous_7)
FN:166,(anonymous_8)
FN:174,(anonymous_9)
FN:180,onChange
FN:198,(anonymous_11)
FN:204,onChange
FN:245,Covid19Display
FNF:14
FNH:8
FNDA:24,(anonymous_0)
FNDA:18,(anonymous_1)
FNDA:1,Covid19Form
FNDA:1,(anonymous_3)
FNDA:1,(anonymous_4)
FNDA:11,(anonymous_5)
FNDA:0,submit
FNDA:0,(anonymous_7)
FNDA:0,(anonymous_8)
FNDA:12,(anonymous_9)
FNDA:0,onChange
FNDA:9,(anonymous_11)
FNDA:0,onChange
FNDA:0,Covid19Display
DA:2,2
DA:3,2
DA:4,2
DA:5,2
DA:6,2
DA:7,2
DA:8,2
DA:9,2
DA:10,2
DA:11,2
DA:68,2
DA:84,2
DA:96,2
DA:104,2
DA:105,24
DA:108,18
DA:110,2
DA:111,1
DA:112,1
DA:113,1
DA:114,1
DA:115,1
DA:117,1
DA:118,1
DA:120,1
DA:121,1
DA:123,1
DA:125,1
DA:130,1
DA:131,1
DA:144,1
DA:145,11
DA:149,1
DA:150,0
DA:164,0
DA:167,0
DA:171,1
DA:174,12
DA:181,0
DA:182,0
DA:198,9
DA:204,0
DA:245,2
DA:246,0
DA:247,0
DA:370,2
DA:375,2
LF:47
LH:39
BRDA:126,0,0,1
BRDA:126,0,1,1
BRDA:126,0,2,1
BRDA:145,1,0,11
BRDA:145,1,1,11
BRDA:178,2,0,0
BRDA:178,2,1,12
BRDA:182,3,0,0
BRDA:182,3,1,0
BRDA:202,4,0,0
BRDA:202,4,1,9
BRDA:205,5,0,0
BRDA:205,5,1,0
BRDA:250,6,0,0
BRDA:250,6,1,0
BRDA:251,7,0,0
BRDA:251,7,1,0
BRDA:252,8,0,0
BRDA:252,8,1,0
BRDA:252,8,2,0
BRDA:256,9,0,0
BRDA:256,9,1,0
BRDA:261,10,0,0
BRDA:261,10,1,0
BRDA:266,11,0,0
BRDA:266,11,1,0
BRDA:271,12,0,0
BRDA:271,12,1,0
BRDA:276,13,0,0
BRDA:276,13,1,0
BRDA:281,14,0,0
BRDA:281,14,1,0
BRDA:286,15,0,0
BRDA:286,15,1,0
BRDA:291,16,0,0
BRDA:291,16,1,0
BRDA:296,17,0,0
BRDA:296,17,1,0
BRDA:301,18,0,0
BRDA:301,18,1,0
BRDA:306,19,0,0
BRDA:306,19,1,0
BRDA:311,20,0,0
BRDA:311,20,1,0
BRDA:316,21,0,0
BRDA:316,21,1,0
BRDA:321,22,0,0
BRDA:321,22,1,0
BRDA:326,23,0,0
BRDA:326,23,1,0
BRDA:331,24,0,0
BRDA:331,24,1,0
BRDA:336,25,0,0
BRDA:336,25,1,0
BRDA:341,26,0,0
BRDA:341,26,1,0
BRDA:346,27,0,0
BRDA:346,27,1,0
BRDA:351,28,0,0
BRDA:351,28,1,0
BRDA:356,29,0,0
BRDA:356,29,1,0
BRDA:361,30,0,0
BRDA:361,30,1,0
BRF:64
BRH:7
end_of_record
TN:
SF:src/screens/Examination.tsx
FN:18,ExaminationForm
FN:34,onSubmit
FN:48,(anonymous_2)
FN:52,(anonymous_3)
FN:124,ExaminationDisplay
FNF:5
FNH:2
FNDA:1,ExaminationForm
FNDA:0,onSubmit
FNDA:0,(anonymous_2)
FNDA:0,(anonymous_3)
FNDA:1,ExaminationDisplay
DA:2,2
DA:3,2
DA:4,2
DA:12,2
DA:13,2
DA:18,2
DA:19,1
DA:20,1
DA:21,1
DA:34,1
DA:35,0
DA:37,0
DA:49,0
DA:50,0
DA:52,0
DA:55,1
DA:124,2
DA:125,1
DA:126,1
DA:156,2
LF:20
LH:15
BRDA:103,0,0,1
BRDA:103,0,1,0
BRDA:145,1,0,1
BRDA:145,1,1,0
BRDA:149,2,0,1
BRDA:149,2,1,0
BRF:6
BRH:3
end_of_record
TN:
SF:src/screens/Login.tsx
FN:26,Login
FN:29,(anonymous_2)
FN:30,(anonymous_3)
FN:44,(anonymous_4)
FN:44,(anonymous_5)
FN:44,signIn
FNF:6
FNH:4
FNDA:1,Login
FNDA:1,(anonymous_2)
FNDA:1,(anonymous_3)
FNDA:1,(anonymous_4)
FNDA:0,(anonymous_5)
FNDA:0,signIn
DA:1,1
DA:2,1
DA:3,1
DA:11,1
DA:12,1
DA:13,1
DA:15,1
DA:16,1
DA:17,1
DA:18,1
DA:19,1
DA:20,1
DA:21,1
DA:22,1
DA:23,1
DA:24,1
DA:26,1
DA:27,1
DA:28,1
DA:29,1
DA:30,1
DA:35,1
DA:36,1
DA:38,1
DA:39,1
DA:41,1
DA:42,1
DA:44,1
DA:45,0
DA:46,0
DA:47,0
DA:58,0
DA:59,0
DA:63,0
DA:64,0
DA:70,0
DA:72,0
DA:73,0
DA:78,0
DA:79,0
DA:80,0
DA:83,0
DA:84,0
DA:85,0
DA:88,0
DA:89,1
DA:91,1
DA:95,1
DA:139,1
DA:143,1
DA:148,1
DA:157,1
LF:52
LH:35
BRDA:80,0,0,0
BRDA:80,0,1,0
BRDA:91,1,0,0
BRDA:91,1,1,1
BRF:4
BRH:1
end_of_record
TN:
SF:src/screens/MedicalHistoryForm.tsx
FN:22,MedicalHistoryForm
FN:30,onSubmit
FN:39,(anonymous_2)
FN:43,(anonymous_3)
FN:87,MedicalHistoryDisplay
FNF:5
FNH:1
FNDA:1,MedicalHistoryForm
FNDA:0,onSubmit
FNDA:0,(anonymous_2)
FNDA:0,(anonymous_3)
FNDA:0,MedicalHistoryDisplay
DA:2,2
DA:4,2
DA:5,2
DA:6,2
DA:7,2
DA:22,2
DA:23,1
DA:24,1
DA:26,1
DA:30,1
DA:31,0
DA:32,0
DA:40,0
DA:41,0
DA:43,0
DA:45,1
DA:87,2
DA:88,0
DA:89,0
DA:113,2
DA:115,2
LF:21
LH:14
BRF:0
BRH:0
end_of_record
TN:
SF:src/screens/Medicine.tsx
FN:17,MedicineDisplay
FNF:1
FNH:1
FNDA:1,MedicineDisplay
DA:1,2
DA:2,2
DA:3,2
DA:17,2
DA:18,1
DA:19,1
LF:6
LH:6
BRF:0
BRH:0
end_of_record
TN:
SF:src/screens/MedicineForm.tsx
FN:46,MedicineForm
FN:60,onSubmit
FN:71,(anonymous_2)
FN:75,(anonymous_3)
FN:85,onValueChange
FN:87,(anonymous_5)
FN:115,MedicineFormDisplay
FNF:7
FNH:3
FNDA:2,MedicineForm
FNDA:0,onSubmit
FNDA:0,(anonymous_2)
FNDA:0,(anonymous_3)
FNDA:0,onValueChange
FNDA:10,(anonymous_5)
FNDA:1,MedicineFormDisplay
DA:1,1
DA:3,1
DA:4,1
DA:6,1
DA:7,1
DA:8,1
DA:25,1
DA:46,1
DA:47,2
DA:48,1
DA:50,1
DA:60,1
DA:61,0
DA:72,0
DA:73,0
DA:75,0
DA:78,1
DA:85,0
DA:87,10
DA:115,1
DA:116,1
DA:137,1
LF:22
LH:17
BRF:0
BRH:0
end_of_record
TN:
SF:src/screens/NewPatient.tsx
FN:17,(anonymous_0)
FN:29,NewPatientScreen
FN:49,(anonymous_2)
FN:49,(anonymous_3)
FN:49,onSubmit
FN:132,onValueChange
FNF:6
FNH:3
FNDA:1,(anonymous_0)
FNDA:2,NewPatientScreen
FNDA:2,(anonymous_2)
FNDA:0,(anonymous_3)
FNDA:0,onSubmit
FNDA:0,onValueChange
DA:2,1
DA:3,1
DA:4,1
DA:5,1
DA:7,1
DA:8,1
DA:10,1
DA:12,1
DA:13,1
DA:17,1
DA:19,1
DA:20,1
DA:21,1
DA:22,1
DA:29,1
DA:30,2
DA:31,2
DA:33,2
DA:49,2
DA:51,0
DA:55,0
DA:59,0
DA:65,0
DA:67,0
DA:70,0
DA:71,0
DA:73,0
DA:74,0
DA:76,2
DA:78,2
DA:132,0
DA:147,1
LF:32
LH:22
BRDA:34,0,0,0
BRDA:50,1,0,0
BRDA:50,1,1,0
BRDA:63,2,0,0
BRDA:63,2,1,0
BRF:5
BRH:0
end_of_record
TN:
SF:src/screens/OpenTextEvent.tsx
FN:19,OpenTextEvent
FN:31,onSubmit
FN:36,(anonymous_2)
FN:40,(anonymous_3)
FNF:4
FNH:1
FNDA:1,OpenTextEvent
FNDA:0,onSubmit
FNDA:0,(anonymous_2)
FNDA:0,(anonymous_3)
DA:2,1
DA:3,1
DA:4,1
DA:5,1
DA:6,1
DA:19,1
DA:20,1
DA:21,1
DA:23,1
DA:31,1
DA:33,0
DA:35,0
DA:37,0
DA:38,0
DA:40,0
DA:43,1
DA:63,1
LF:17
LH:12
BRF:0
BRH:0
end_of_record
TN:
SF:src/screens/PatientView.tsx
FN:30,patientLinks
FN:87,PatientView
FN:90,(anonymous_2)
FN:95,goToEditPatient
FN:98,goToNewPatientVisit
FN:110,(anonymous_5)
FN:119,(anonymous_6)
FN:125,(anonymous_7)
FN:146,keyExtractor
FN:159,LinkItem
FN:170,right
FN:171,onPress
FN:173,left
FN:178,PatientFileSummary
FNF:14
FNH:1
FNDA:0,patientLinks
FNDA:0,PatientView
FNDA:0,(anonymous_2)
FNDA:0,goToEditPatient
FNDA:0,goToNewPatientVisit
FNDA:0,(anonymous_5)
FNDA:0,(anonymous_6)
FNDA:0,(anonymous_7)
FNDA:0,keyExtractor
FNDA:0,LinkItem
FNDA:0,right
FNDA:0,onPress
FNDA:0,left
FNDA:1,PatientFileSummary
DA:5,1
DA:6,1
DA:7,1
DA:8,1
DA:10,1
DA:11,1
DA:12,1
DA:14,1
DA:15,1
DA:16,1
DA:17,1
DA:30,1
DA:33,0
DA:87,1
DA:88,0
DA:89,0
DA:90,0
DA:93,0
DA:95,0
DA:96,0
DA:98,0
DA:101,0
DA:103,0
DA:111,0
DA:117,0
DA:119,0
DA:122,0
DA:124,0
DA:125,0
DA:131,0
DA:146,0
DA:159,1
DA:160,0
DA:161,0
DA:166,0
DA:170,0
DA:171,0
DA:173,0
DA:178,1
DA:179,1
DA:180,1
DA:185,1
DA:214,1
DA:218,1
DA:228,1
DA:234,1
DA:238,1
DA:243,1
LF:48
LH:24
BRDA:99,0,0,0
BRDA:99,0,1,0
BRDA:99,0,2,0
BRDA:203,1,0,1
BRDA:203,1,1,0
BRF:5
BRH:1
end_of_record
TN:
SF:src/screens/PhysiotherapyForm.tsx
FN:41,yesNoFromBoolean
FN:45,booleanFromYesNo
FN:49,PhysiotherapyForm
FN:57,(anonymous_3)
FN:60,(anonymous_4)
FN:65,(anonymous_5)
FN:70,onSubmit
FN:78,(anonymous_7)
FN:82,(anonymous_8)
FN:91,onChange
FN:121,onChange
FN:147,PhysiotherapyDisplay
FNF:12
FNH:5
FNDA:2,yesNoFromBoolean
FNDA:0,booleanFromYesNo
FNDA:1,PhysiotherapyForm
FNDA:1,(anonymous_3)
FNDA:1,(anonymous_4)
FNDA:0,(anonymous_5)
FNDA:0,onSubmit
FNDA:0,(anonymous_7)
FNDA:0,(anonymous_8)
FNDA:0,onChange
FNDA:0,onChange
FNDA:1,PhysiotherapyDisplay
DA:2,2
DA:3,2
DA:4,2
DA:5,2
DA:13,2
DA:14,2
DA:16,2
DA:33,2
DA:41,2
DA:42,2
DA:45,2
DA:46,0
DA:49,2
DA:50,1
DA:51,1
DA:53,1
DA:57,1
DA:59,1
DA:62,0
DA:66,0
DA:70,1
DA:71,0
DA:79,0
DA:80,0
DA:82,0
DA:84,1
DA:91,0
DA:121,0
DA:147,2
DA:148,1
DA:149,1
DA:193,2
DA:195,2
LF:33
LH:24
BRDA:42,0,0,0
BRDA:42,0,1,2
BRDA:61,1,0,1
BRDA:61,1,1,1
BRDA:156,2,0,0
BRDA:156,2,1,1
BRDA:157,3,0,1
BRDA:157,3,1,0
BRDA:181,4,0,0
BRDA:181,4,1,1
BRF:10
BRH:6
end_of_record
TN:
SF:src/screens/SnapshotList.tsx
FN:15,SnapshotList
FN:21,(anonymous_1)
FN:21,(anonymous_2)
FN:21,fetchEventData
FN:26,(anonymous_4)
FN:27,(anonymous_5)
FN:32,renderItem
FN:73,keyExtractor
FN:80,renderItem
FNF:9
FNH:2
FNDA:2,SnapshotList
FNDA:1,(anonymous_1)
FNDA:0,(anonymous_2)
FNDA:0,fetchEventData
FNDA:0,(anonymous_4)
FNDA:0,(anonymous_5)
FNDA:0,renderItem
FNDA:0,keyExtractor
FNDA:0,renderItem
DA:2,1
DA:4,1
DA:5,1
DA:6,1
DA:7,1
DA:8,1
DA:10,1
DA:11,1
DA:15,1
DA:16,2
DA:17,1
DA:19,1
DA:21,1
DA:22,0
DA:23,0
DA:24,1
DA:26,1
DA:27,0
DA:28,0
DA:32,1
DA:33,0
DA:34,0
DA:37,0
DA:39,0
DA:48,0
DA:73,1
DA:75,1
DA:80,0
DA:86,1
DA:88,1
DA:92,1
DA:110,1
LF:32
LH:22
BRDA:17,0,0,0
BRDA:17,0,1,1
BRDA:34,1,0,0
BRDA:34,1,1,0
BRDA:56,2,0,0
BRDA:56,2,1,0
BRF:6
BRH:1
end_of_record
TN:
SF:src/screens/VisitList.tsx
FN:17,VisitList
FN:25,fetchPatientData
FN:32,(anonymous_2)
FN:36,(anonymous_3)
FN:42,(anonymous_4)
FN:43,(anonymous_5)
FN:48,keyExtractor
FN:50,renderItem
FN:53,onPress
FN:59,onLongPress
FN:66,onPress
FN:71,onPress
FN:72,(anonymous_12)
FN:73,(anonymous_13)
FN:74,(anonymous_14)
FN:108,renderItem
FN:118,VitalsDisplay
FNF:17
FNH:0
FNDA:0,VisitList
FNDA:0,fetchPatientData
FNDA:0,(anonymous_2)
FNDA:0,(anonymous_3)
FNDA:0,(anonymous_4)
FNDA:0,(anonymous_5)
FNDA:0,keyExtractor
FNDA:0,renderItem
FNDA:0,onPress
FNDA:0,onLongPress
FNDA:0,onPress
FNDA:0,onPress
FNDA:0,(anonymous_12)
FNDA:0,(anonymous_13)
FNDA:0,(anonymous_14)
FNDA:0,renderItem
FNDA:0,VitalsDisplay
DA:1,1
DA:2,1
DA:4,1
DA:5,1
DA:6,1
DA:7,1
DA:9,1
DA:12,1
DA:17,1
DA:18,0
DA:19,0
DA:21,0
DA:23,0
DA:25,0
DA:26,0
DA:34,0
DA:37,0
DA:38,0
DA:42,0
DA:43,0
DA:44,0
DA:48,0
DA:50,0
DA:53,0
DA:59,0
DA:66,0
DA:72,0
DA:73,0
DA:74,0
DA:101,0
DA:103,0
DA:108,0
DA:118,1
DA:119,0
DA:120,0
LF:35
LH:10
BRF:0
BRH:0
end_of_record
TN:
SF:src/screens/VitalsForm.tsx
FN:24,VitalsForm
FN:34,onSubmit
FN:44,(anonymous_2)
FN:48,(anonymous_3)
FNF:4
FNH:1
FNDA:1,VitalsForm
FNDA:0,onSubmit
FNDA:0,(anonymous_2)
FNDA:0,(anonymous_3)
DA:2,1
DA:3,1
DA:4,1
DA:5,1
DA:6,1
DA:8,1
DA:24,1
DA:25,1
DA:26,1
DA:28,1
DA:34,1
DA:35,0
DA:37,0
DA:45,0
DA:46,0
DA:48,0
DA:50,1
DA:128,1
DA:133,1
LF:19
LH:14
BRF:0
BRH:0
end_of_record
TN:
SF:src/stores/provider.ts
FN:16,(anonymous_1)
FN:19,setProvider
FN:21,(anonymous_3)
FN:23,setClinic
FN:24,(anonymous_5)
FN:28,(anonymous_6)
FNF:6
FNH:2
FNDA:13,(anonymous_1)
FNDA:0,setProvider
FNDA:0,(anonymous_3)
FNDA:0,setClinic
FNDA:0,(anonymous_5)
FNDA:13,(anonymous_6)
DA:1,13
DA:3,13
DA:4,13
DA:14,13
DA:16,13
DA:19,0
DA:20,0
DA:21,0
DA:23,0
DA:24,0
DA:28,13
LF:11
LH:6
BRDA:19,0,0,0
BRDA:19,0,1,0
BRDA:19,1,0,0
BRDA:19,1,1,0
BRDA:23,2,0,0
BRDA:23,2,1,0
BRDA:23,3,0,0
BRDA:23,3,1,0
BRF:8
BRH:0
end_of_record
TN:
SF:src/stores/sync.ts
FN:8,(anonymous_0)
FN:10,setSyncStatus
FN:10,(anonymous_2)
FNF:3
FNH:1
FNDA:1,(anonymous_0)
FNDA:0,setSyncStatus
FNDA:0,(anonymous_2)
DA:1,1
DA:8,1
DA:10,0
LF:3
LH:2
BRF:0
BRH:0
end_of_record
TN:
SF:src/styles/buttons.ts
FNF:0
FNH:0
DA:1,13
DA:3,13
LF:2
LH:2
BRF:0
BRH:0
end_of_record
TN:
SF:src/styles/colors.ts
FNF:0
FNH:0
DA:1,13
LF:1
LH:1
BRF:0
BRH:0
end_of_record
TN:
SF:src/types/Event.ts
FNF:0
FNH:0
DA:1,0
LF:1
LH:0
BRF:0
BRH:0
end_of_record
TN:
SF:src/types/index.ts
FNF:0
FNH:0
DA:1,0
DA:2,0
DA:3,0
DA:4,0
LF:4
LH:0
BRF:0
BRH:0
end_of_record
TN:
SF:src/utils/dateUtils.ts
FN:8,calculateAgeInYears
FNF:1
FNH:0
FNDA:0,calculateAgeInYears
DA:1,1
DA:8,1
DA:9,0
DA:10,0
LF:4
LH:2
BRF:0
BRH:0
end_of_record
TN:
SF:src/utils/parsers.tsx
FN:1,parseMetadata
FNF:1
FNH:0
FNDA:0,parseMetadata
DA:1,1
DA:3,0
DA:5,0
DA:7,0
LF:4
LH:1
BRF:0
BRH:0
end_of_record
TN:
SF:src/utils/patient.ts
FN:3,displayNameAvatar
FN:8,displayName
FNF:2
FNH:2
FNDA:1,displayNameAvatar
FNDA:1,displayName
DA:3,13
DA:4,1
DA:5,1
DA:8,13
DA:9,1
DA:10,1
LF:6
LH:6
BRDA:5,0,0,1
BRDA:5,0,1,0
BRDA:5,1,0,1
BRDA:5,1,1,0
BRDA:10,2,0,1
BRDA:10,2,1,0
BRDA:10,3,0,1
BRDA:10,3,1,0
BRF:8
BRH:4
end_of_record
TN:
SF:src/utils/useIsMounted.ts
FN:3,useIsMounted
FN:6,(anonymous_1)
FN:9,(anonymous_2)
FN:14,(anonymous_3)
FNF:4
FNH:0
FNDA:0,useIsMounted
FNDA:0,(anonymous_1)
FNDA:0,(anonymous_2)
FNDA:0,(anonymous_3)
DA:1,0
DA:3,0
DA:4,0
DA:6,0
DA:7,0
DA:9,0
DA:10,0
DA:14,0
LF:8
LH:0
BRF:0
BRH:0
end_of_record
TN:
SF:src/utils/useSafeAreaInsetsStyle.ts
FN:25,useSafeAreaInsetsStyle
FN:41,(anonymous_1)
FNF:2
FNH:1
FNDA:14,useSafeAreaInsetsStyle
FNDA:0,(anonymous_1)
DA:2,14
DA:6,14
DA:15,14
DA:25,14
DA:26,14
DA:27,14
DA:39,14
DA:41,14
DA:42,0
LF:9
LH:8
BRDA:26,0,0,0
BRDA:26,0,1,14
BRDA:26,1,0,14
BRDA:26,1,1,14
BRDA:27,2,0,0
BRDA:27,2,1,14
BRDA:27,3,0,14
BRDA:27,3,1,0
BRDA:45,4,0,0
BRDA:45,4,1,0
BRF:10
BRH:5
end_of_record
TN:
SF:src/utils/generators/events.ts
FN:20,generateMedicineMetadata
FN:30,generatePhysiotherapyMetadata
FN:45,generateExaminationMetadata
FN:56,generateVitalsMetadata
FN:68,generateEventAndMetadata
FN:96,generateEvent
FN:115,generateEvents
FN:121,(anonymous_7)
FNF:8
FNH:8
FNDA:5,generateMedicineMetadata
FNDA:7,generatePhysiotherapyMetadata
FNDA:5,generateExaminationMetadata
FNDA:1,generateVitalsMetadata
FNDA:15,generateEventAndMetadata
FNDA:15,generateEvent
FNDA:2,generateEvents
FNDA:15,(anonymous_7)
DA:1,6
DA:2,6
DA:20,6
DA:21,5
DA:30,6
DA:31,7
DA:45,6
DA:56,6
DA:68,6
DA:71,15
DA:78,15
DA:80,1
DA:82,4
DA:84,6
DA:86,3
DA:88,1
DA:91,0
DA:96,6
DA:101,15
DA:102,15
DA:115,6
DA:121,15
LF:22
LH:21
BRDA:23,0,0,5
BRDA:23,0,1,1
BRDA:33,1,0,7
BRDA:33,1,1,2
BRDA:46,2,0,5
BRDA:46,2,1,0
BRDA:57,3,0,1
BRDA:57,3,1,1
BRDA:78,4,0,1
BRDA:78,4,1,4
BRDA:78,4,2,6
BRDA:78,4,3,3
BRDA:78,4,4,1
BRDA:78,4,5,0
BRDA:91,5,0,0
BRDA:91,5,1,0
BRF:16
BRH:12
end_of_record
TN:
SF:src/utils/generators/patients.ts
FN:7,generatePatient
FN:24,generatePatients
FNF:2
FNH:2
FNDA:11,generatePatient
FNDA:1,generatePatients
DA:1,2
DA:2,2
DA:3,2
DA:7,11
DA:24,2
DA:25,1
LF:6
LH:6
BRF:0
BRH:0
end_of_record
TN:
SF:src/utils/generators/visits.ts
FN:5,generateVisit
FN:22,generateVisits
FN:28,(anonymous_2)
FNF:3
FNH:3
FNDA:10,generateVisit
FNDA:1,generateVisits
FNDA:10,(anonymous_2)
DA:1,1
DA:5,1
DA:8,10
DA:22,1
DA:28,10
LF:5
LH:5
BRF:0
BRH:0
end_of_record
TN:
SF:src/utils/storage/index.ts
FNF:0
FNH:0
DA:1,0
LF:1
LH:0
BRF:0
BRH:0
end_of_record
TN:
SF:src/utils/storage/storage.ts
FN:8,loadString
FN:8,_loadString
FN:8,(anonymous_3)
FN:23,saveString
FN:23,_saveString
FN:23,(anonymous_6)
FN:37,load
FN:37,_load
FN:37,(anonymous_9)
FN:52,save
FN:52,_save
FN:52,(anonymous_12)
FN:66,remove
FN:66,_remove
FN:66,(anonymous_15)
FN:75,clear
FN:75,_clear
FN:75,(anonymous_18)
FNF:18
FNH:18
FNDA:1,loadString
FNDA:1,_loadString
FNDA:1,(anonymous_3)
FNDA:1,saveString
FNDA:1,_saveString
FNDA:1,(anonymous_6)
FNDA:1,load
FNDA:1,_load
FNDA:1,(anonymous_9)
FNDA:1,save
FNDA:1,_save
FNDA:1,(anonymous_12)
FNDA:1,remove
FNDA:1,_remove
FNDA:1,(anonymous_15)
FNDA:1,clear
FNDA:1,_clear
FNDA:1,(anonymous_18)
DA:1,1
DA:8,1
DA:10,1
DA:13,0
DA:15,1
DA:23,1
DA:25,1
DA:26,1
DA:28,0
DA:30,1
DA:37,1
DA:39,1
DA:40,1
DA:42,0
DA:44,1
DA:52,1
DA:54,1
DA:55,1
DA:57,0
DA:59,1
DA:66,1
DA:67,1
DA:68,1
DA:70,1
DA:75,1
DA:76,1
DA:77,1
DA:79,1
LF:28
LH:24
BRF:0
BRH:0
end_of_record
